<?xml version="1.0" encoding="UTF-8"?>
<testsuite name="kr.pravusid.dto.PaginationTest" tests="3" skipped="0" failures="0" errors="0" timestamp="2019-10-28T01:48:11" hostname="DESKTOP-KVCQHCD" time="0.002">
  <properties/>
  <testcase name="게시물_7개_페이지당게시물_1개_현재페이지_6_페이지계산_결과" classname="kr.pravusid.dto.PaginationTest" time="0.002"/>
  <testcase name="게시물_5개_페이지당게시물_1개_현재페이지_5_페이지계산_결과" classname="kr.pravusid.dto.PaginationTest" time="0.0"/>
  <testcase name="게시물_7개_페이지당게시물_1개_현재페이지_3_페이지계산_결과" classname="kr.pravusid.dto.PaginationTest" time="0.0"/>
  <system-out><![CDATA[]]></system-out>
  <system-err><![CDATA[]]></system-err>
</testsuite>
