<?xml version="1.0" encoding="UTF-8"?>
<testsuite name="kr.pravusid.domain.user.UserRepositoryTest" tests="4" skipped="0" failures="0" errors="0" timestamp="2019-10-28T01:48:11" hostname="DESKTOP-KVCQHCD" time="0.338">
  <properties/>
  <testcase name="잘못된_Email은_빈결과를_반환한다" classname="kr.pravusid.domain.user.UserRepositoryTest" time="0.097"/>
  <testcase name="Email으로_회원을_찾는다" classname="kr.pravusid.domain.user.UserRepositoryTest" time="0.079"/>
  <testcase name="Username으로_회원을_찾는다" classname="kr.pravusid.domain.user.UserRepositoryTest" time="0.08"/>
  <testcase name="잘못된_Username은_빈결과를_반환한다" classname="kr.pravusid.domain.user.UserRepositoryTest" time="0.078"/>
  <system-out><![CDATA[2019-10-28 10:48:11.129  INFO 2580 --- [    Test worker] .b.t.c.SpringBootTestContextBootstrapper : Neither @ContextConfiguration nor @ContextHierarchy found for test class [kr.pravusid.domain.user.UserRepositoryTest], using SpringBootContextLoader
2019-10-28 10:48:11.130  INFO 2580 --- [    Test worker] o.s.t.c.support.AbstractContextLoader    : Could not detect default resource locations for test class [kr.pravusid.domain.user.UserRepositoryTest]: no resource found for suffixes {-context.xml, Context.groovy}.
2019-10-28 10:48:11.131  INFO 2580 --- [    Test worker] t.c.s.AnnotationConfigContextLoaderUtils : Could not detect default configuration classes for test class [kr.pravusid.domain.user.UserRepositoryTest]: UserRepositoryTest does not declare any static, non-private, non-final, nested classes annotated with @Configuration.
2019-10-28 10:48:11.147  INFO 2580 --- [    Test worker] .b.t.c.SpringBootTestContextBootstrapper : Found @SpringBootConfiguration kr.pravusid.WebApplication for test class kr.pravusid.domain.user.UserRepositoryTest
2019-10-28 10:48:11.150  INFO 2580 --- [    Test worker] .b.t.c.SpringBootTestContextBootstrapper : Loaded default TestExecutionListener class names from location [META-INF/spring.factories]: [org.springframework.security.test.context.support.WithSecurityContextTestExecutionListener, org.springframework.boot.test.autoconfigure.restdocs.RestDocsTestExecutionListener, org.springframework.boot.test.autoconfigure.web.client.MockRestServiceServerResetTestExecutionListener, org.springframework.boot.test.autoconfigure.web.servlet.MockMvcPrintOnlyOnFailureTestExecutionListener, org.springframework.boot.test.autoconfigure.web.servlet.WebDriverTestExecutionListener, org.springframework.boot.test.mock.mockito.MockitoTestExecutionListener, org.springframework.boot.test.mock.mockito.ResetMocksTestExecutionListener, org.springframework.test.context.web.ServletTestExecutionListener, org.springframework.test.context.support.DirtiesContextBeforeModesTestExecutionListener, org.springframework.test.context.support.DependencyInjectionTestExecutionListener, org.springframework.test.context.support.DirtiesContextTestExecutionListener, org.springframework.test.context.transaction.TransactionalTestExecutionListener, org.springframework.test.context.jdbc.SqlScriptsTestExecutionListener]
2019-10-28 10:48:11.153  INFO 2580 --- [    Test worker] .b.t.c.SpringBootTestContextBootstrapper : Using TestExecutionListeners: [org.springframework.test.context.web.ServletTestExecutionListener@4339c9b3, org.springframework.test.context.support.DirtiesContextBeforeModesTestExecutionListener@3b9219b5, org.springframework.boot.test.mock.mockito.MockitoTestExecutionListener@45eae2c4, org.springframework.boot.test.autoconfigure.SpringBootDependencyInjectionTestExecutionListener@5413fb83, org.springframework.test.context.support.DirtiesContextTestExecutionListener@596ac4e3, org.springframework.test.context.transaction.TransactionalTestExecutionListener@721e31ca, org.springframework.test.context.jdbc.SqlScriptsTestExecutionListener@6070118f, org.springframework.security.test.context.support.WithSecurityContextTestExecutionListener@2bf431e1, org.springframework.boot.test.autoconfigure.restdocs.RestDocsTestExecutionListener@2436a5a0, org.springframework.boot.test.autoconfigure.web.client.MockRestServiceServerResetTestExecutionListener@27a5408d, org.springframework.boot.test.autoconfigure.web.servlet.MockMvcPrintOnlyOnFailureTestExecutionListener@47b9c19f, org.springframework.boot.test.autoconfigure.web.servlet.WebDriverTestExecutionListener@4d488bb0, org.springframework.boot.test.mock.mockito.ResetMocksTestExecutionListener@5c422c1c]
2019-10-28 10:48:11.162  INFO 2580 --- [    Test worker] o.s.t.c.transaction.TransactionContext   : Began transaction (1) for test context [DefaultTestContext@51425666 testClass = UserRepositoryTest, testInstance = kr.pravusid.domain.user.UserRepositoryTest@433e6b65, testMethod = �옒紐삳맂_Email��_鍮덇껐怨쇰��_諛섑솚�븳�떎@UserRepositoryTest, testException = [null], mergedContextConfiguration = [MergedContextConfiguration@516ebe31 testClass = UserRepositoryTest, locations = '{}', classes = '{class kr.pravusid.WebApplication}', contextInitializerClasses = '[]', activeProfiles = '{}', propertySourceLocations = '{}', propertySourceProperties = '{org.springframework.boot.test.context.SpringBootTestContextBootstrapper=true}', contextCustomizers = set[org.springframework.boot.test.autoconfigure.OverrideAutoConfigurationContextCustomizerFactory$DisableAutoConfigurationContextCustomizer@52a8ca53, org.springframework.boot.test.autoconfigure.filter.TypeExcludeFiltersContextCustomizer@351584c0, org.springframework.boot.test.autoconfigure.properties.PropertyMappingContextCustomizer@2b3d3f2c, org.springframework.boot.test.autoconfigure.web.servlet.WebDriverContextCustomizerFactory$Customizer@2dd3e1fe, [ImportsContextCustomizer@585238ba key = [org.springframework.boot.autoconfigure.cache.CacheAutoConfiguration, org.springframework.boot.autoconfigure.data.jpa.JpaRepositoriesAutoConfiguration, org.springframework.boot.autoconfigure.flyway.FlywayAutoConfiguration, org.springframework.boot.autoconfigure.jdbc.DataSourceAutoConfiguration, org.springframework.boot.autoconfigure.jdbc.DataSourceTransactionManagerAutoConfiguration, org.springframework.boot.autoconfigure.jdbc.JdbcTemplateAutoConfiguration, org.springframework.boot.autoconfigure.liquibase.LiquibaseAutoConfiguration, org.springframework.boot.autoconfigure.orm.jpa.HibernateJpaAutoConfiguration, org.springframework.boot.autoconfigure.transaction.TransactionAutoConfiguration, org.springframework.boot.test.autoconfigure.jdbc.TestDatabaseAutoConfiguration, org.springframework.boot.test.autoconfigure.orm.jpa.TestEntityManagerAutoConfiguration]], org.springframework.boot.test.context.filter.ExcludeFilterContextCustomizer@3363cb8a, org.springframework.boot.test.json.DuplicateJsonObjectContextCustomizerFactory$DuplicateJsonObjectContextCustomizer@2e42b7c3, org.springframework.boot.test.mock.mockito.MockitoContextCustomizer@0], contextLoader = 'org.springframework.boot.test.context.SpringBootContextLoader', parent = [null]]]; transaction manager [org.springframework.orm.jpa.JpaTransactionManager@4fb7fbe2]; rollback [true]
2019-10-28 10:48:11.238 DEBUG 2580 --- [    Test worker] org.hibernate.SQL                        : insert into user (id, moddate, regdate, email, name, password, username) values (null, ?, ?, ?, ?, ?, ?)
Hibernate: insert into user (id, moddate, regdate, email, name, password, username) values (null, ?, ?, ?, ?, ?, ?)
2019-10-28 10:48:11.242 DEBUG 2580 --- [    Test worker] org.hibernate.SQL                        : select user0_.id as id1_4_, user0_.moddate as moddate2_4_, user0_.regdate as regdate3_4_, user0_.email as email4_4_, user0_.name as name5_4_, user0_.password as password6_4_, user0_.username as username7_4_ from user user0_ where user0_.email=?
Hibernate: select user0_.id as id1_4_, user0_.moddate as moddate2_4_, user0_.regdate as regdate3_4_, user0_.email as email4_4_, user0_.name as name5_4_, user0_.password as password6_4_, user0_.username as username7_4_ from user user0_ where user0_.email=?
2019-10-28 10:48:11.244 DEBUG 2580 --- [    Test worker] org.hibernate.SQL                        : select user0_.id as id1_4_, user0_.moddate as moddate2_4_, user0_.regdate as regdate3_4_, user0_.email as email4_4_, user0_.name as name5_4_, user0_.password as password6_4_, user0_.username as username7_4_ from user user0_
Hibernate: select user0_.id as id1_4_, user0_.moddate as moddate2_4_, user0_.regdate as regdate3_4_, user0_.email as email4_4_, user0_.name as name5_4_, user0_.password as password6_4_, user0_.username as username7_4_ from user user0_
2019-10-28 10:48:11.250 DEBUG 2580 --- [    Test worker] org.hibernate.SQL                        : select persistent0_.series as series1_3_1_, persistent0_.last_used as last_use2_3_1_, persistent0_.token as token3_3_1_, persistent0_.user_id as user_id4_3_1_, user1_.id as id1_4_0_, user1_.moddate as moddate2_4_0_, user1_.regdate as regdate3_4_0_, user1_.email as email4_4_0_, user1_.name as name5_4_0_, user1_.password as password6_4_0_, user1_.username as username7_4_0_, authoritie2_.user_id as user_id1_5_3_, authoritie2_.authority as authorit2_5_3_ from persistent_logins persistent0_ left outer join user user1_ on persistent0_.user_id=user1_.id left outer join user_authorities authoritie2_ on user1_.id=authoritie2_.user_id where persistent0_.user_id=?
Hibernate: select persistent0_.series as series1_3_1_, persistent0_.last_used as last_use2_3_1_, persistent0_.token as token3_3_1_, persistent0_.user_id as user_id4_3_1_, user1_.id as id1_4_0_, user1_.moddate as moddate2_4_0_, user1_.regdate as regdate3_4_0_, user1_.email as email4_4_0_, user1_.name as name5_4_0_, user1_.password as password6_4_0_, user1_.username as username7_4_0_, authoritie2_.user_id as user_id1_5_3_, authoritie2_.authority as authorit2_5_3_ from persistent_logins persistent0_ left outer join user user1_ on persistent0_.user_id=user1_.id left outer join user_authorities authoritie2_ on user1_.id=authoritie2_.user_id where persistent0_.user_id=?
2019-10-28 10:48:11.253 DEBUG 2580 --- [    Test worker] org.hibernate.SQL                        : select authoritie0_.user_id as user_id1_5_0_, authoritie0_.authority as authorit2_5_0_ from user_authorities authoritie0_ where authoritie0_.user_id=?
Hibernate: select authoritie0_.user_id as user_id1_5_0_, authoritie0_.authority as authorit2_5_0_ from user_authorities authoritie0_ where authoritie0_.user_id=?
2019-10-28 10:48:11.257  INFO 2580 --- [    Test worker] o.s.t.c.transaction.TransactionContext   : Rolled back transaction for test: [DefaultTestContext@51425666 testClass = UserRepositoryTest, testInstance = kr.pravusid.domain.user.UserRepositoryTest@433e6b65, testMethod = �옒紐삳맂_Email��_鍮덇껐怨쇰��_諛섑솚�븳�떎@UserRepositoryTest, testException = [null], mergedContextConfiguration = [MergedContextConfiguration@516ebe31 testClass = UserRepositoryTest, locations = '{}', classes = '{class kr.pravusid.WebApplication}', contextInitializerClasses = '[]', activeProfiles = '{}', propertySourceLocations = '{}', propertySourceProperties = '{org.springframework.boot.test.context.SpringBootTestContextBootstrapper=true}', contextCustomizers = set[org.springframework.boot.test.autoconfigure.OverrideAutoConfigurationContextCustomizerFactory$DisableAutoConfigurationContextCustomizer@52a8ca53, org.springframework.boot.test.autoconfigure.filter.TypeExcludeFiltersContextCustomizer@351584c0, org.springframework.boot.test.autoconfigure.properties.PropertyMappingContextCustomizer@2b3d3f2c, org.springframework.boot.test.autoconfigure.web.servlet.WebDriverContextCustomizerFactory$Customizer@2dd3e1fe, [ImportsContextCustomizer@585238ba key = [org.springframework.boot.autoconfigure.cache.CacheAutoConfiguration, org.springframework.boot.autoconfigure.data.jpa.JpaRepositoriesAutoConfiguration, org.springframework.boot.autoconfigure.flyway.FlywayAutoConfiguration, org.springframework.boot.autoconfigure.jdbc.DataSourceAutoConfiguration, org.springframework.boot.autoconfigure.jdbc.DataSourceTransactionManagerAutoConfiguration, org.springframework.boot.autoconfigure.jdbc.JdbcTemplateAutoConfiguration, org.springframework.boot.autoconfigure.liquibase.LiquibaseAutoConfiguration, org.springframework.boot.autoconfigure.orm.jpa.HibernateJpaAutoConfiguration, org.springframework.boot.autoconfigure.transaction.TransactionAutoConfiguration, org.springframework.boot.test.autoconfigure.jdbc.TestDatabaseAutoConfiguration, org.springframework.boot.test.autoconfigure.orm.jpa.TestEntityManagerAutoConfiguration]], org.springframework.boot.test.context.filter.ExcludeFilterContextCustomizer@3363cb8a, org.springframework.boot.test.json.DuplicateJsonObjectContextCustomizerFactory$DuplicateJsonObjectContextCustomizer@2e42b7c3, org.springframework.boot.test.mock.mockito.MockitoContextCustomizer@0], contextLoader = 'org.springframework.boot.test.context.SpringBootContextLoader', parent = [null]]]
2019-10-28 10:48:11.260  INFO 2580 --- [    Test worker] o.s.t.c.transaction.TransactionContext   : Began transaction (1) for test context [DefaultTestContext@51425666 testClass = UserRepositoryTest, testInstance = kr.pravusid.domain.user.UserRepositoryTest@bdcb405, testMethod = Email�쑝濡�_�쉶�썝�쓣_李얜뒗�떎@UserRepositoryTest, testException = [null], mergedContextConfiguration = [MergedContextConfiguration@516ebe31 testClass = UserRepositoryTest, locations = '{}', classes = '{class kr.pravusid.WebApplication}', contextInitializerClasses = '[]', activeProfiles = '{}', propertySourceLocations = '{}', propertySourceProperties = '{org.springframework.boot.test.context.SpringBootTestContextBootstrapper=true}', contextCustomizers = set[org.springframework.boot.test.autoconfigure.OverrideAutoConfigurationContextCustomizerFactory$DisableAutoConfigurationContextCustomizer@52a8ca53, org.springframework.boot.test.autoconfigure.filter.TypeExcludeFiltersContextCustomizer@351584c0, org.springframework.boot.test.autoconfigure.properties.PropertyMappingContextCustomizer@2b3d3f2c, org.springframework.boot.test.autoconfigure.web.servlet.WebDriverContextCustomizerFactory$Customizer@2dd3e1fe, [ImportsContextCustomizer@585238ba key = [org.springframework.boot.autoconfigure.cache.CacheAutoConfiguration, org.springframework.boot.autoconfigure.data.jpa.JpaRepositoriesAutoConfiguration, org.springframework.boot.autoconfigure.flyway.FlywayAutoConfiguration, org.springframework.boot.autoconfigure.jdbc.DataSourceAutoConfiguration, org.springframework.boot.autoconfigure.jdbc.DataSourceTransactionManagerAutoConfiguration, org.springframework.boot.autoconfigure.jdbc.JdbcTemplateAutoConfiguration, org.springframework.boot.autoconfigure.liquibase.LiquibaseAutoConfiguration, org.springframework.boot.autoconfigure.orm.jpa.HibernateJpaAutoConfiguration, org.springframework.boot.autoconfigure.transaction.TransactionAutoConfiguration, org.springframework.boot.test.autoconfigure.jdbc.TestDatabaseAutoConfiguration, org.springframework.boot.test.autoconfigure.orm.jpa.TestEntityManagerAutoConfiguration]], org.springframework.boot.test.context.filter.ExcludeFilterContextCustomizer@3363cb8a, org.springframework.boot.test.json.DuplicateJsonObjectContextCustomizerFactory$DuplicateJsonObjectContextCustomizer@2e42b7c3, org.springframework.boot.test.mock.mockito.MockitoContextCustomizer@0], contextLoader = 'org.springframework.boot.test.context.SpringBootContextLoader', parent = [null]]]; transaction manager [org.springframework.orm.jpa.JpaTransactionManager@4fb7fbe2]; rollback [true]
2019-10-28 10:48:11.330 DEBUG 2580 --- [    Test worker] org.hibernate.SQL                        : insert into user (id, moddate, regdate, email, name, password, username) values (null, ?, ?, ?, ?, ?, ?)
Hibernate: insert into user (id, moddate, regdate, email, name, password, username) values (null, ?, ?, ?, ?, ?, ?)
2019-10-28 10:48:11.331 DEBUG 2580 --- [    Test worker] org.hibernate.SQL                        : select user0_.id as id1_4_, user0_.moddate as moddate2_4_, user0_.regdate as regdate3_4_, user0_.email as email4_4_, user0_.name as name5_4_, user0_.password as password6_4_, user0_.username as username7_4_ from user user0_ where user0_.email=?
Hibernate: select user0_.id as id1_4_, user0_.moddate as moddate2_4_, user0_.regdate as regdate3_4_, user0_.email as email4_4_, user0_.name as name5_4_, user0_.password as password6_4_, user0_.username as username7_4_ from user user0_ where user0_.email=?
2019-10-28 10:48:11.332 DEBUG 2580 --- [    Test worker] org.hibernate.SQL                        : select user0_.id as id1_4_, user0_.moddate as moddate2_4_, user0_.regdate as regdate3_4_, user0_.email as email4_4_, user0_.name as name5_4_, user0_.password as password6_4_, user0_.username as username7_4_ from user user0_
Hibernate: select user0_.id as id1_4_, user0_.moddate as moddate2_4_, user0_.regdate as regdate3_4_, user0_.email as email4_4_, user0_.name as name5_4_, user0_.password as password6_4_, user0_.username as username7_4_ from user user0_
2019-10-28 10:48:11.333 DEBUG 2580 --- [    Test worker] org.hibernate.SQL                        : select persistent0_.series as series1_3_1_, persistent0_.last_used as last_use2_3_1_, persistent0_.token as token3_3_1_, persistent0_.user_id as user_id4_3_1_, user1_.id as id1_4_0_, user1_.moddate as moddate2_4_0_, user1_.regdate as regdate3_4_0_, user1_.email as email4_4_0_, user1_.name as name5_4_0_, user1_.password as password6_4_0_, user1_.username as username7_4_0_, authoritie2_.user_id as user_id1_5_3_, authoritie2_.authority as authorit2_5_3_ from persistent_logins persistent0_ left outer join user user1_ on persistent0_.user_id=user1_.id left outer join user_authorities authoritie2_ on user1_.id=authoritie2_.user_id where persistent0_.user_id=?
Hibernate: select persistent0_.series as series1_3_1_, persistent0_.last_used as last_use2_3_1_, persistent0_.token as token3_3_1_, persistent0_.user_id as user_id4_3_1_, user1_.id as id1_4_0_, user1_.moddate as moddate2_4_0_, user1_.regdate as regdate3_4_0_, user1_.email as email4_4_0_, user1_.name as name5_4_0_, user1_.password as password6_4_0_, user1_.username as username7_4_0_, authoritie2_.user_id as user_id1_5_3_, authoritie2_.authority as authorit2_5_3_ from persistent_logins persistent0_ left outer join user user1_ on persistent0_.user_id=user1_.id left outer join user_authorities authoritie2_ on user1_.id=authoritie2_.user_id where persistent0_.user_id=?
2019-10-28 10:48:11.335 DEBUG 2580 --- [    Test worker] org.hibernate.SQL                        : select authoritie0_.user_id as user_id1_5_0_, authoritie0_.authority as authorit2_5_0_ from user_authorities authoritie0_ where authoritie0_.user_id=?
Hibernate: select authoritie0_.user_id as user_id1_5_0_, authoritie0_.authority as authorit2_5_0_ from user_authorities authoritie0_ where authoritie0_.user_id=?
2019-10-28 10:48:11.338  INFO 2580 --- [    Test worker] o.s.t.c.transaction.TransactionContext   : Rolled back transaction for test: [DefaultTestContext@51425666 testClass = UserRepositoryTest, testInstance = kr.pravusid.domain.user.UserRepositoryTest@bdcb405, testMethod = Email�쑝濡�_�쉶�썝�쓣_李얜뒗�떎@UserRepositoryTest, testException = [null], mergedContextConfiguration = [MergedContextConfiguration@516ebe31 testClass = UserRepositoryTest, locations = '{}', classes = '{class kr.pravusid.WebApplication}', contextInitializerClasses = '[]', activeProfiles = '{}', propertySourceLocations = '{}', propertySourceProperties = '{org.springframework.boot.test.context.SpringBootTestContextBootstrapper=true}', contextCustomizers = set[org.springframework.boot.test.autoconfigure.OverrideAutoConfigurationContextCustomizerFactory$DisableAutoConfigurationContextCustomizer@52a8ca53, org.springframework.boot.test.autoconfigure.filter.TypeExcludeFiltersContextCustomizer@351584c0, org.springframework.boot.test.autoconfigure.properties.PropertyMappingContextCustomizer@2b3d3f2c, org.springframework.boot.test.autoconfigure.web.servlet.WebDriverContextCustomizerFactory$Customizer@2dd3e1fe, [ImportsContextCustomizer@585238ba key = [org.springframework.boot.autoconfigure.cache.CacheAutoConfiguration, org.springframework.boot.autoconfigure.data.jpa.JpaRepositoriesAutoConfiguration, org.springframework.boot.autoconfigure.flyway.FlywayAutoConfiguration, org.springframework.boot.autoconfigure.jdbc.DataSourceAutoConfiguration, org.springframework.boot.autoconfigure.jdbc.DataSourceTransactionManagerAutoConfiguration, org.springframework.boot.autoconfigure.jdbc.JdbcTemplateAutoConfiguration, org.springframework.boot.autoconfigure.liquibase.LiquibaseAutoConfiguration, org.springframework.boot.autoconfigure.orm.jpa.HibernateJpaAutoConfiguration, org.springframework.boot.autoconfigure.transaction.TransactionAutoConfiguration, org.springframework.boot.test.autoconfigure.jdbc.TestDatabaseAutoConfiguration, org.springframework.boot.test.autoconfigure.orm.jpa.TestEntityManagerAutoConfiguration]], org.springframework.boot.test.context.filter.ExcludeFilterContextCustomizer@3363cb8a, org.springframework.boot.test.json.DuplicateJsonObjectContextCustomizerFactory$DuplicateJsonObjectContextCustomizer@2e42b7c3, org.springframework.boot.test.mock.mockito.MockitoContextCustomizer@0], contextLoader = 'org.springframework.boot.test.context.SpringBootContextLoader', parent = [null]]]
2019-10-28 10:48:11.341  INFO 2580 --- [    Test worker] o.s.t.c.transaction.TransactionContext   : Began transaction (1) for test context [DefaultTestContext@51425666 testClass = UserRepositoryTest, testInstance = kr.pravusid.domain.user.UserRepositoryTest@47ff4e27, testMethod = Username�쑝濡�_�쉶�썝�쓣_李얜뒗�떎@UserRepositoryTest, testException = [null], mergedContextConfiguration = [MergedContextConfiguration@516ebe31 testClass = UserRepositoryTest, locations = '{}', classes = '{class kr.pravusid.WebApplication}', contextInitializerClasses = '[]', activeProfiles = '{}', propertySourceLocations = '{}', propertySourceProperties = '{org.springframework.boot.test.context.SpringBootTestContextBootstrapper=true}', contextCustomizers = set[org.springframework.boot.test.autoconfigure.OverrideAutoConfigurationContextCustomizerFactory$DisableAutoConfigurationContextCustomizer@52a8ca53, org.springframework.boot.test.autoconfigure.filter.TypeExcludeFiltersContextCustomizer@351584c0, org.springframework.boot.test.autoconfigure.properties.PropertyMappingContextCustomizer@2b3d3f2c, org.springframework.boot.test.autoconfigure.web.servlet.WebDriverContextCustomizerFactory$Customizer@2dd3e1fe, [ImportsContextCustomizer@585238ba key = [org.springframework.boot.autoconfigure.cache.CacheAutoConfiguration, org.springframework.boot.autoconfigure.data.jpa.JpaRepositoriesAutoConfiguration, org.springframework.boot.autoconfigure.flyway.FlywayAutoConfiguration, org.springframework.boot.autoconfigure.jdbc.DataSourceAutoConfiguration, org.springframework.boot.autoconfigure.jdbc.DataSourceTransactionManagerAutoConfiguration, org.springframework.boot.autoconfigure.jdbc.JdbcTemplateAutoConfiguration, org.springframework.boot.autoconfigure.liquibase.LiquibaseAutoConfiguration, org.springframework.boot.autoconfigure.orm.jpa.HibernateJpaAutoConfiguration, org.springframework.boot.autoconfigure.transaction.TransactionAutoConfiguration, org.springframework.boot.test.autoconfigure.jdbc.TestDatabaseAutoConfiguration, org.springframework.boot.test.autoconfigure.orm.jpa.TestEntityManagerAutoConfiguration]], org.springframework.boot.test.context.filter.ExcludeFilterContextCustomizer@3363cb8a, org.springframework.boot.test.json.DuplicateJsonObjectContextCustomizerFactory$DuplicateJsonObjectContextCustomizer@2e42b7c3, org.springframework.boot.test.mock.mockito.MockitoContextCustomizer@0], contextLoader = 'org.springframework.boot.test.context.SpringBootContextLoader', parent = [null]]]; transaction manager [org.springframework.orm.jpa.JpaTransactionManager@4fb7fbe2]; rollback [true]
2019-10-28 10:48:11.412 DEBUG 2580 --- [    Test worker] org.hibernate.SQL                        : insert into user (id, moddate, regdate, email, name, password, username) values (null, ?, ?, ?, ?, ?, ?)
Hibernate: insert into user (id, moddate, regdate, email, name, password, username) values (null, ?, ?, ?, ?, ?, ?)
2019-10-28 10:48:11.415 DEBUG 2580 --- [    Test worker] org.hibernate.SQL                        : select user0_.id as id1_4_, user0_.moddate as moddate2_4_, user0_.regdate as regdate3_4_, user0_.email as email4_4_, user0_.name as name5_4_, user0_.password as password6_4_, user0_.username as username7_4_ from user user0_ where user0_.username=?
Hibernate: select user0_.id as id1_4_, user0_.moddate as moddate2_4_, user0_.regdate as regdate3_4_, user0_.email as email4_4_, user0_.name as name5_4_, user0_.password as password6_4_, user0_.username as username7_4_ from user user0_ where user0_.username=?
2019-10-28 10:48:11.416 DEBUG 2580 --- [    Test worker] org.hibernate.SQL                        : select user0_.id as id1_4_, user0_.moddate as moddate2_4_, user0_.regdate as regdate3_4_, user0_.email as email4_4_, user0_.name as name5_4_, user0_.password as password6_4_, user0_.username as username7_4_ from user user0_
Hibernate: select user0_.id as id1_4_, user0_.moddate as moddate2_4_, user0_.regdate as regdate3_4_, user0_.email as email4_4_, user0_.name as name5_4_, user0_.password as password6_4_, user0_.username as username7_4_ from user user0_
2019-10-28 10:48:11.417 DEBUG 2580 --- [    Test worker] org.hibernate.SQL                        : select persistent0_.series as series1_3_1_, persistent0_.last_used as last_use2_3_1_, persistent0_.token as token3_3_1_, persistent0_.user_id as user_id4_3_1_, user1_.id as id1_4_0_, user1_.moddate as moddate2_4_0_, user1_.regdate as regdate3_4_0_, user1_.email as email4_4_0_, user1_.name as name5_4_0_, user1_.password as password6_4_0_, user1_.username as username7_4_0_, authoritie2_.user_id as user_id1_5_3_, authoritie2_.authority as authorit2_5_3_ from persistent_logins persistent0_ left outer join user user1_ on persistent0_.user_id=user1_.id left outer join user_authorities authoritie2_ on user1_.id=authoritie2_.user_id where persistent0_.user_id=?
Hibernate: select persistent0_.series as series1_3_1_, persistent0_.last_used as last_use2_3_1_, persistent0_.token as token3_3_1_, persistent0_.user_id as user_id4_3_1_, user1_.id as id1_4_0_, user1_.moddate as moddate2_4_0_, user1_.regdate as regdate3_4_0_, user1_.email as email4_4_0_, user1_.name as name5_4_0_, user1_.password as password6_4_0_, user1_.username as username7_4_0_, authoritie2_.user_id as user_id1_5_3_, authoritie2_.authority as authorit2_5_3_ from persistent_logins persistent0_ left outer join user user1_ on persistent0_.user_id=user1_.id left outer join user_authorities authoritie2_ on user1_.id=authoritie2_.user_id where persistent0_.user_id=?
2019-10-28 10:48:11.418 DEBUG 2580 --- [    Test worker] org.hibernate.SQL                        : select authoritie0_.user_id as user_id1_5_0_, authoritie0_.authority as authorit2_5_0_ from user_authorities authoritie0_ where authoritie0_.user_id=?
Hibernate: select authoritie0_.user_id as user_id1_5_0_, authoritie0_.authority as authorit2_5_0_ from user_authorities authoritie0_ where authoritie0_.user_id=?
2019-10-28 10:48:11.421  INFO 2580 --- [    Test worker] o.s.t.c.transaction.TransactionContext   : Rolled back transaction for test: [DefaultTestContext@51425666 testClass = UserRepositoryTest, testInstance = kr.pravusid.domain.user.UserRepositoryTest@47ff4e27, testMethod = Username�쑝濡�_�쉶�썝�쓣_李얜뒗�떎@UserRepositoryTest, testException = [null], mergedContextConfiguration = [MergedContextConfiguration@516ebe31 testClass = UserRepositoryTest, locations = '{}', classes = '{class kr.pravusid.WebApplication}', contextInitializerClasses = '[]', activeProfiles = '{}', propertySourceLocations = '{}', propertySourceProperties = '{org.springframework.boot.test.context.SpringBootTestContextBootstrapper=true}', contextCustomizers = set[org.springframework.boot.test.autoconfigure.OverrideAutoConfigurationContextCustomizerFactory$DisableAutoConfigurationContextCustomizer@52a8ca53, org.springframework.boot.test.autoconfigure.filter.TypeExcludeFiltersContextCustomizer@351584c0, org.springframework.boot.test.autoconfigure.properties.PropertyMappingContextCustomizer@2b3d3f2c, org.springframework.boot.test.autoconfigure.web.servlet.WebDriverContextCustomizerFactory$Customizer@2dd3e1fe, [ImportsContextCustomizer@585238ba key = [org.springframework.boot.autoconfigure.cache.CacheAutoConfiguration, org.springframework.boot.autoconfigure.data.jpa.JpaRepositoriesAutoConfiguration, org.springframework.boot.autoconfigure.flyway.FlywayAutoConfiguration, org.springframework.boot.autoconfigure.jdbc.DataSourceAutoConfiguration, org.springframework.boot.autoconfigure.jdbc.DataSourceTransactionManagerAutoConfiguration, org.springframework.boot.autoconfigure.jdbc.JdbcTemplateAutoConfiguration, org.springframework.boot.autoconfigure.liquibase.LiquibaseAutoConfiguration, org.springframework.boot.autoconfigure.orm.jpa.HibernateJpaAutoConfiguration, org.springframework.boot.autoconfigure.transaction.TransactionAutoConfiguration, org.springframework.boot.test.autoconfigure.jdbc.TestDatabaseAutoConfiguration, org.springframework.boot.test.autoconfigure.orm.jpa.TestEntityManagerAutoConfiguration]], org.springframework.boot.test.context.filter.ExcludeFilterContextCustomizer@3363cb8a, org.springframework.boot.test.json.DuplicateJsonObjectContextCustomizerFactory$DuplicateJsonObjectContextCustomizer@2e42b7c3, org.springframework.boot.test.mock.mockito.MockitoContextCustomizer@0], contextLoader = 'org.springframework.boot.test.context.SpringBootContextLoader', parent = [null]]]
2019-10-28 10:48:11.423  INFO 2580 --- [    Test worker] o.s.t.c.transaction.TransactionContext   : Began transaction (1) for test context [DefaultTestContext@51425666 testClass = UserRepositoryTest, testInstance = kr.pravusid.domain.user.UserRepositoryTest@69f35715, testMethod = �옒紐삳맂_Username��_鍮덇껐怨쇰��_諛섑솚�븳�떎@UserRepositoryTest, testException = [null], mergedContextConfiguration = [MergedContextConfiguration@516ebe31 testClass = UserRepositoryTest, locations = '{}', classes = '{class kr.pravusid.WebApplication}', contextInitializerClasses = '[]', activeProfiles = '{}', propertySourceLocations = '{}', propertySourceProperties = '{org.springframework.boot.test.context.SpringBootTestContextBootstrapper=true}', contextCustomizers = set[org.springframework.boot.test.autoconfigure.OverrideAutoConfigurationContextCustomizerFactory$DisableAutoConfigurationContextCustomizer@52a8ca53, org.springframework.boot.test.autoconfigure.filter.TypeExcludeFiltersContextCustomizer@351584c0, org.springframework.boot.test.autoconfigure.properties.PropertyMappingContextCustomizer@2b3d3f2c, org.springframework.boot.test.autoconfigure.web.servlet.WebDriverContextCustomizerFactory$Customizer@2dd3e1fe, [ImportsContextCustomizer@585238ba key = [org.springframework.boot.autoconfigure.cache.CacheAutoConfiguration, org.springframework.boot.autoconfigure.data.jpa.JpaRepositoriesAutoConfiguration, org.springframework.boot.autoconfigure.flyway.FlywayAutoConfiguration, org.springframework.boot.autoconfigure.jdbc.DataSourceAutoConfiguration, org.springframework.boot.autoconfigure.jdbc.DataSourceTransactionManagerAutoConfiguration, org.springframework.boot.autoconfigure.jdbc.JdbcTemplateAutoConfiguration, org.springframework.boot.autoconfigure.liquibase.LiquibaseAutoConfiguration, org.springframework.boot.autoconfigure.orm.jpa.HibernateJpaAutoConfiguration, org.springframework.boot.autoconfigure.transaction.TransactionAutoConfiguration, org.springframework.boot.test.autoconfigure.jdbc.TestDatabaseAutoConfiguration, org.springframework.boot.test.autoconfigure.orm.jpa.TestEntityManagerAutoConfiguration]], org.springframework.boot.test.context.filter.ExcludeFilterContextCustomizer@3363cb8a, org.springframework.boot.test.json.DuplicateJsonObjectContextCustomizerFactory$DuplicateJsonObjectContextCustomizer@2e42b7c3, org.springframework.boot.test.mock.mockito.MockitoContextCustomizer@0], contextLoader = 'org.springframework.boot.test.context.SpringBootContextLoader', parent = [null]]]; transaction manager [org.springframework.orm.jpa.JpaTransactionManager@4fb7fbe2]; rollback [true]
2019-10-28 10:48:11.492 DEBUG 2580 --- [    Test worker] org.hibernate.SQL                        : insert into user (id, moddate, regdate, email, name, password, username) values (null, ?, ?, ?, ?, ?, ?)
Hibernate: insert into user (id, moddate, regdate, email, name, password, username) values (null, ?, ?, ?, ?, ?, ?)
2019-10-28 10:48:11.493 DEBUG 2580 --- [    Test worker] org.hibernate.SQL                        : select user0_.id as id1_4_, user0_.moddate as moddate2_4_, user0_.regdate as regdate3_4_, user0_.email as email4_4_, user0_.name as name5_4_, user0_.password as password6_4_, user0_.username as username7_4_ from user user0_ where user0_.username=?
Hibernate: select user0_.id as id1_4_, user0_.moddate as moddate2_4_, user0_.regdate as regdate3_4_, user0_.email as email4_4_, user0_.name as name5_4_, user0_.password as password6_4_, user0_.username as username7_4_ from user user0_ where user0_.username=?
2019-10-28 10:48:11.494 DEBUG 2580 --- [    Test worker] org.hibernate.SQL                        : select user0_.id as id1_4_, user0_.moddate as moddate2_4_, user0_.regdate as regdate3_4_, user0_.email as email4_4_, user0_.name as name5_4_, user0_.password as password6_4_, user0_.username as username7_4_ from user user0_
Hibernate: select user0_.id as id1_4_, user0_.moddate as moddate2_4_, user0_.regdate as regdate3_4_, user0_.email as email4_4_, user0_.name as name5_4_, user0_.password as password6_4_, user0_.username as username7_4_ from user user0_
2019-10-28 10:48:11.495 DEBUG 2580 --- [    Test worker] org.hibernate.SQL                        : select persistent0_.series as series1_3_1_, persistent0_.last_used as last_use2_3_1_, persistent0_.token as token3_3_1_, persistent0_.user_id as user_id4_3_1_, user1_.id as id1_4_0_, user1_.moddate as moddate2_4_0_, user1_.regdate as regdate3_4_0_, user1_.email as email4_4_0_, user1_.name as name5_4_0_, user1_.password as password6_4_0_, user1_.username as username7_4_0_, authoritie2_.user_id as user_id1_5_3_, authoritie2_.authority as authorit2_5_3_ from persistent_logins persistent0_ left outer join user user1_ on persistent0_.user_id=user1_.id left outer join user_authorities authoritie2_ on user1_.id=authoritie2_.user_id where persistent0_.user_id=?
Hibernate: select persistent0_.series as series1_3_1_, persistent0_.last_used as last_use2_3_1_, persistent0_.token as token3_3_1_, persistent0_.user_id as user_id4_3_1_, user1_.id as id1_4_0_, user1_.moddate as moddate2_4_0_, user1_.regdate as regdate3_4_0_, user1_.email as email4_4_0_, user1_.name as name5_4_0_, user1_.password as password6_4_0_, user1_.username as username7_4_0_, authoritie2_.user_id as user_id1_5_3_, authoritie2_.authority as authorit2_5_3_ from persistent_logins persistent0_ left outer join user user1_ on persistent0_.user_id=user1_.id left outer join user_authorities authoritie2_ on user1_.id=authoritie2_.user_id where persistent0_.user_id=?
2019-10-28 10:48:11.496 DEBUG 2580 --- [    Test worker] org.hibernate.SQL                        : select authoritie0_.user_id as user_id1_5_0_, authoritie0_.authority as authorit2_5_0_ from user_authorities authoritie0_ where authoritie0_.user_id=?
Hibernate: select authoritie0_.user_id as user_id1_5_0_, authoritie0_.authority as authorit2_5_0_ from user_authorities authoritie0_ where authoritie0_.user_id=?
2019-10-28 10:48:11.499  INFO 2580 --- [    Test worker] o.s.t.c.transaction.TransactionContext   : Rolled back transaction for test: [DefaultTestContext@51425666 testClass = UserRepositoryTest, testInstance = kr.pravusid.domain.user.UserRepositoryTest@69f35715, testMethod = �옒紐삳맂_Username��_鍮덇껐怨쇰��_諛섑솚�븳�떎@UserRepositoryTest, testException = [null], mergedContextConfiguration = [MergedContextConfiguration@516ebe31 testClass = UserRepositoryTest, locations = '{}', classes = '{class kr.pravusid.WebApplication}', contextInitializerClasses = '[]', activeProfiles = '{}', propertySourceLocations = '{}', propertySourceProperties = '{org.springframework.boot.test.context.SpringBootTestContextBootstrapper=true}', contextCustomizers = set[org.springframework.boot.test.autoconfigure.OverrideAutoConfigurationContextCustomizerFactory$DisableAutoConfigurationContextCustomizer@52a8ca53, org.springframework.boot.test.autoconfigure.filter.TypeExcludeFiltersContextCustomizer@351584c0, org.springframework.boot.test.autoconfigure.properties.PropertyMappingContextCustomizer@2b3d3f2c, org.springframework.boot.test.autoconfigure.web.servlet.WebDriverContextCustomizerFactory$Customizer@2dd3e1fe, [ImportsContextCustomizer@585238ba key = [org.springframework.boot.autoconfigure.cache.CacheAutoConfiguration, org.springframework.boot.autoconfigure.data.jpa.JpaRepositoriesAutoConfiguration, org.springframework.boot.autoconfigure.flyway.FlywayAutoConfiguration, org.springframework.boot.autoconfigure.jdbc.DataSourceAutoConfiguration, org.springframework.boot.autoconfigure.jdbc.DataSourceTransactionManagerAutoConfiguration, org.springframework.boot.autoconfigure.jdbc.JdbcTemplateAutoConfiguration, org.springframework.boot.autoconfigure.liquibase.LiquibaseAutoConfiguration, org.springframework.boot.autoconfigure.orm.jpa.HibernateJpaAutoConfiguration, org.springframework.boot.autoconfigure.transaction.TransactionAutoConfiguration, org.springframework.boot.test.autoconfigure.jdbc.TestDatabaseAutoConfiguration, org.springframework.boot.test.autoconfigure.orm.jpa.TestEntityManagerAutoConfiguration]], org.springframework.boot.test.context.filter.ExcludeFilterContextCustomizer@3363cb8a, org.springframework.boot.test.json.DuplicateJsonObjectContextCustomizerFactory$DuplicateJsonObjectContextCustomizer@2e42b7c3, org.springframework.boot.test.mock.mockito.MockitoContextCustomizer@0], contextLoader = 'org.springframework.boot.test.context.SpringBootContextLoader', parent = [null]]]
]]></system-out>
  <system-err><![CDATA[]]></system-err>
</testsuite>
