<?xml version="1.0" encoding="UTF-8"?>
<testsuite name="kr.pravusid.service.UserServiceTest" tests="7" skipped="0" failures="0" errors="0" timestamp="2019-10-28T01:48:15" hostname="DESKTOP-KVCQHCD" time="0.273">
  <properties/>
  <testcase name="동일_회원인지_확인한다" classname="kr.pravusid.service.UserServiceTest" time="0.008"/>
  <testcase name="중복되는_Email이_있다면_회원등록중_예외발생" classname="kr.pravusid.service.UserServiceTest" time="0.01"/>
  <testcase name="중복되는_Username이_있다면_회원등록중_예외발생" classname="kr.pravusid.service.UserServiceTest" time="0.006"/>
  <testcase name="중복되는_Email이_있다면_정보수정중_예외발생" classname="kr.pravusid.service.UserServiceTest" time="0.083"/>
  <testcase name="중복되는_정보가_없다면_회원을_등록한다" classname="kr.pravusid.service.UserServiceTest" time="0.081"/>
  <testcase name="회원정보를_수정한다" classname="kr.pravusid.service.UserServiceTest" time="0.077"/>
  <testcase name="요청한_Username의_UserDetails_반환" classname="kr.pravusid.service.UserServiceTest" time="0.005"/>
  <system-out><![CDATA[2019-10-28 10:48:15.262  INFO 2580 --- [    Test worker] .b.t.c.SpringBootTestContextBootstrapper : Neither @ContextConfiguration nor @ContextHierarchy found for test class [kr.pravusid.service.UserServiceTest], using SpringBootContextLoader
2019-10-28 10:48:15.262  INFO 2580 --- [    Test worker] o.s.t.c.support.AbstractContextLoader    : Could not detect default resource locations for test class [kr.pravusid.service.UserServiceTest]: no resource found for suffixes {-context.xml, Context.groovy}.
2019-10-28 10:48:15.262  INFO 2580 --- [    Test worker] t.c.s.AnnotationConfigContextLoaderUtils : Could not detect default configuration classes for test class [kr.pravusid.service.UserServiceTest]: UserServiceTest does not declare any static, non-private, non-final, nested classes annotated with @Configuration.
2019-10-28 10:48:15.264  INFO 2580 --- [    Test worker] .b.t.c.SpringBootTestContextBootstrapper : Found @SpringBootConfiguration kr.pravusid.WebApplication for test class kr.pravusid.service.UserServiceTest
2019-10-28 10:48:15.266  INFO 2580 --- [    Test worker] .b.t.c.SpringBootTestContextBootstrapper : Loaded default TestExecutionListener class names from location [META-INF/spring.factories]: [org.springframework.security.test.context.support.WithSecurityContextTestExecutionListener, org.springframework.boot.test.autoconfigure.restdocs.RestDocsTestExecutionListener, org.springframework.boot.test.autoconfigure.web.client.MockRestServiceServerResetTestExecutionListener, org.springframework.boot.test.autoconfigure.web.servlet.MockMvcPrintOnlyOnFailureTestExecutionListener, org.springframework.boot.test.autoconfigure.web.servlet.WebDriverTestExecutionListener, org.springframework.boot.test.mock.mockito.MockitoTestExecutionListener, org.springframework.boot.test.mock.mockito.ResetMocksTestExecutionListener, org.springframework.test.context.web.ServletTestExecutionListener, org.springframework.test.context.support.DirtiesContextBeforeModesTestExecutionListener, org.springframework.test.context.support.DependencyInjectionTestExecutionListener, org.springframework.test.context.support.DirtiesContextTestExecutionListener, org.springframework.test.context.transaction.TransactionalTestExecutionListener, org.springframework.test.context.jdbc.SqlScriptsTestExecutionListener]
2019-10-28 10:48:15.267  INFO 2580 --- [    Test worker] .b.t.c.SpringBootTestContextBootstrapper : Using TestExecutionListeners: [org.springframework.test.context.web.ServletTestExecutionListener@bbe9721, org.springframework.test.context.support.DirtiesContextBeforeModesTestExecutionListener@7299a857, org.springframework.boot.test.mock.mockito.MockitoTestExecutionListener@1877eee8, org.springframework.boot.test.autoconfigure.SpringBootDependencyInjectionTestExecutionListener@87bfcd0, org.springframework.test.context.support.DirtiesContextTestExecutionListener@77036561, org.springframework.test.context.transaction.TransactionalTestExecutionListener@4867a0c6, org.springframework.test.context.jdbc.SqlScriptsTestExecutionListener@6f40178c, org.springframework.security.test.context.support.WithSecurityContextTestExecutionListener@380aebc8, org.springframework.boot.test.autoconfigure.restdocs.RestDocsTestExecutionListener@544ea9c5, org.springframework.boot.test.autoconfigure.web.client.MockRestServiceServerResetTestExecutionListener@21da521a, org.springframework.boot.test.autoconfigure.web.servlet.MockMvcPrintOnlyOnFailureTestExecutionListener@4ec9cdda, org.springframework.boot.test.autoconfigure.web.servlet.WebDriverTestExecutionListener@21f23b60, org.springframework.boot.test.mock.mockito.ResetMocksTestExecutionListener@d3be1a]
2019-10-28 10:48:15.271 DEBUG 2580 --- [    Test worker] org.hibernate.SQL                        : select user0_.id as id1_4_, user0_.moddate as moddate2_4_, user0_.regdate as regdate3_4_, user0_.email as email4_4_, user0_.name as name5_4_, user0_.password as password6_4_, user0_.username as username7_4_ from user user0_ where user0_.username=?
Hibernate: select user0_.id as id1_4_, user0_.moddate as moddate2_4_, user0_.regdate as regdate3_4_, user0_.email as email4_4_, user0_.name as name5_4_, user0_.password as password6_4_, user0_.username as username7_4_ from user user0_ where user0_.username=?
2019-10-28 10:48:15.272 DEBUG 2580 --- [    Test worker] org.hibernate.SQL                        : select persistent0_.series as series1_3_1_, persistent0_.last_used as last_use2_3_1_, persistent0_.token as token3_3_1_, persistent0_.user_id as user_id4_3_1_, user1_.id as id1_4_0_, user1_.moddate as moddate2_4_0_, user1_.regdate as regdate3_4_0_, user1_.email as email4_4_0_, user1_.name as name5_4_0_, user1_.password as password6_4_0_, user1_.username as username7_4_0_, authoritie2_.user_id as user_id1_5_3_, authoritie2_.authority as authorit2_5_3_ from persistent_logins persistent0_ left outer join user user1_ on persistent0_.user_id=user1_.id left outer join user_authorities authoritie2_ on user1_.id=authoritie2_.user_id where persistent0_.user_id=?
Hibernate: select persistent0_.series as series1_3_1_, persistent0_.last_used as last_use2_3_1_, persistent0_.token as token3_3_1_, persistent0_.user_id as user_id4_3_1_, user1_.id as id1_4_0_, user1_.moddate as moddate2_4_0_, user1_.regdate as regdate3_4_0_, user1_.email as email4_4_0_, user1_.name as name5_4_0_, user1_.password as password6_4_0_, user1_.username as username7_4_0_, authoritie2_.user_id as user_id1_5_3_, authoritie2_.authority as authorit2_5_3_ from persistent_logins persistent0_ left outer join user user1_ on persistent0_.user_id=user1_.id left outer join user_authorities authoritie2_ on user1_.id=authoritie2_.user_id where persistent0_.user_id=?
2019-10-28 10:48:15.272 DEBUG 2580 --- [    Test worker] org.hibernate.SQL                        : select authoritie0_.user_id as user_id1_5_0_, authoritie0_.authority as authorit2_5_0_ from user_authorities authoritie0_ where authoritie0_.user_id=?
Hibernate: select authoritie0_.user_id as user_id1_5_0_, authoritie0_.authority as authorit2_5_0_ from user_authorities authoritie0_ where authoritie0_.user_id=?
2019-10-28 10:48:15.274 DEBUG 2580 --- [    Test worker] org.hibernate.SQL                        : select user0_.id as id1_4_, user0_.moddate as moddate2_4_, user0_.regdate as regdate3_4_, user0_.email as email4_4_, user0_.name as name5_4_, user0_.password as password6_4_, user0_.username as username7_4_ from user user0_
Hibernate: select user0_.id as id1_4_, user0_.moddate as moddate2_4_, user0_.regdate as regdate3_4_, user0_.email as email4_4_, user0_.name as name5_4_, user0_.password as password6_4_, user0_.username as username7_4_ from user user0_
2019-10-28 10:48:15.275 DEBUG 2580 --- [    Test worker] org.hibernate.SQL                        : select persistent0_.series as series1_3_1_, persistent0_.last_used as last_use2_3_1_, persistent0_.token as token3_3_1_, persistent0_.user_id as user_id4_3_1_, user1_.id as id1_4_0_, user1_.moddate as moddate2_4_0_, user1_.regdate as regdate3_4_0_, user1_.email as email4_4_0_, user1_.name as name5_4_0_, user1_.password as password6_4_0_, user1_.username as username7_4_0_, authoritie2_.user_id as user_id1_5_3_, authoritie2_.authority as authorit2_5_3_ from persistent_logins persistent0_ left outer join user user1_ on persistent0_.user_id=user1_.id left outer join user_authorities authoritie2_ on user1_.id=authoritie2_.user_id where persistent0_.user_id=?
Hibernate: select persistent0_.series as series1_3_1_, persistent0_.last_used as last_use2_3_1_, persistent0_.token as token3_3_1_, persistent0_.user_id as user_id4_3_1_, user1_.id as id1_4_0_, user1_.moddate as moddate2_4_0_, user1_.regdate as regdate3_4_0_, user1_.email as email4_4_0_, user1_.name as name5_4_0_, user1_.password as password6_4_0_, user1_.username as username7_4_0_, authoritie2_.user_id as user_id1_5_3_, authoritie2_.authority as authorit2_5_3_ from persistent_logins persistent0_ left outer join user user1_ on persistent0_.user_id=user1_.id left outer join user_authorities authoritie2_ on user1_.id=authoritie2_.user_id where persistent0_.user_id=?
2019-10-28 10:48:15.275 DEBUG 2580 --- [    Test worker] org.hibernate.SQL                        : select authoritie0_.user_id as user_id1_5_0_, authoritie0_.authority as authorit2_5_0_ from user_authorities authoritie0_ where authoritie0_.user_id=?
Hibernate: select authoritie0_.user_id as user_id1_5_0_, authoritie0_.authority as authorit2_5_0_ from user_authorities authoritie0_ where authoritie0_.user_id=?
2019-10-28 10:48:15.280 DEBUG 2580 --- [    Test worker] org.hibernate.SQL                        : select user0_.id as id1_4_, user0_.moddate as moddate2_4_, user0_.regdate as regdate3_4_, user0_.email as email4_4_, user0_.name as name5_4_, user0_.password as password6_4_, user0_.username as username7_4_ from user user0_ where user0_.username=?
Hibernate: select user0_.id as id1_4_, user0_.moddate as moddate2_4_, user0_.regdate as regdate3_4_, user0_.email as email4_4_, user0_.name as name5_4_, user0_.password as password6_4_, user0_.username as username7_4_ from user user0_ where user0_.username=?
2019-10-28 10:48:15.282 DEBUG 2580 --- [    Test worker] org.hibernate.SQL                        : select user0_.id as id1_4_, user0_.moddate as moddate2_4_, user0_.regdate as regdate3_4_, user0_.email as email4_4_, user0_.name as name5_4_, user0_.password as password6_4_, user0_.username as username7_4_ from user user0_ where user0_.email=?
Hibernate: select user0_.id as id1_4_, user0_.moddate as moddate2_4_, user0_.regdate as regdate3_4_, user0_.email as email4_4_, user0_.name as name5_4_, user0_.password as password6_4_, user0_.username as username7_4_ from user user0_ where user0_.email=?
2019-10-28 10:48:15.283 DEBUG 2580 --- [    Test worker] org.hibernate.SQL                        : select persistent0_.series as series1_3_1_, persistent0_.last_used as last_use2_3_1_, persistent0_.token as token3_3_1_, persistent0_.user_id as user_id4_3_1_, user1_.id as id1_4_0_, user1_.moddate as moddate2_4_0_, user1_.regdate as regdate3_4_0_, user1_.email as email4_4_0_, user1_.name as name5_4_0_, user1_.password as password6_4_0_, user1_.username as username7_4_0_, authoritie2_.user_id as user_id1_5_3_, authoritie2_.authority as authorit2_5_3_ from persistent_logins persistent0_ left outer join user user1_ on persistent0_.user_id=user1_.id left outer join user_authorities authoritie2_ on user1_.id=authoritie2_.user_id where persistent0_.user_id=?
Hibernate: select persistent0_.series as series1_3_1_, persistent0_.last_used as last_use2_3_1_, persistent0_.token as token3_3_1_, persistent0_.user_id as user_id4_3_1_, user1_.id as id1_4_0_, user1_.moddate as moddate2_4_0_, user1_.regdate as regdate3_4_0_, user1_.email as email4_4_0_, user1_.name as name5_4_0_, user1_.password as password6_4_0_, user1_.username as username7_4_0_, authoritie2_.user_id as user_id1_5_3_, authoritie2_.authority as authorit2_5_3_ from persistent_logins persistent0_ left outer join user user1_ on persistent0_.user_id=user1_.id left outer join user_authorities authoritie2_ on user1_.id=authoritie2_.user_id where persistent0_.user_id=?
2019-10-28 10:48:15.283 DEBUG 2580 --- [    Test worker] org.hibernate.SQL                        : select authoritie0_.user_id as user_id1_5_0_, authoritie0_.authority as authorit2_5_0_ from user_authorities authoritie0_ where authoritie0_.user_id=?
Hibernate: select authoritie0_.user_id as user_id1_5_0_, authoritie0_.authority as authorit2_5_0_ from user_authorities authoritie0_ where authoritie0_.user_id=?
2019-10-28 10:48:15.284 DEBUG 2580 --- [    Test worker] org.hibernate.SQL                        : select user0_.id as id1_4_, user0_.moddate as moddate2_4_, user0_.regdate as regdate3_4_, user0_.email as email4_4_, user0_.name as name5_4_, user0_.password as password6_4_, user0_.username as username7_4_ from user user0_
Hibernate: select user0_.id as id1_4_, user0_.moddate as moddate2_4_, user0_.regdate as regdate3_4_, user0_.email as email4_4_, user0_.name as name5_4_, user0_.password as password6_4_, user0_.username as username7_4_ from user user0_
2019-10-28 10:48:15.285 DEBUG 2580 --- [    Test worker] org.hibernate.SQL                        : select persistent0_.series as series1_3_1_, persistent0_.last_used as last_use2_3_1_, persistent0_.token as token3_3_1_, persistent0_.user_id as user_id4_3_1_, user1_.id as id1_4_0_, user1_.moddate as moddate2_4_0_, user1_.regdate as regdate3_4_0_, user1_.email as email4_4_0_, user1_.name as name5_4_0_, user1_.password as password6_4_0_, user1_.username as username7_4_0_, authoritie2_.user_id as user_id1_5_3_, authoritie2_.authority as authorit2_5_3_ from persistent_logins persistent0_ left outer join user user1_ on persistent0_.user_id=user1_.id left outer join user_authorities authoritie2_ on user1_.id=authoritie2_.user_id where persistent0_.user_id=?
Hibernate: select persistent0_.series as series1_3_1_, persistent0_.last_used as last_use2_3_1_, persistent0_.token as token3_3_1_, persistent0_.user_id as user_id4_3_1_, user1_.id as id1_4_0_, user1_.moddate as moddate2_4_0_, user1_.regdate as regdate3_4_0_, user1_.email as email4_4_0_, user1_.name as name5_4_0_, user1_.password as password6_4_0_, user1_.username as username7_4_0_, authoritie2_.user_id as user_id1_5_3_, authoritie2_.authority as authorit2_5_3_ from persistent_logins persistent0_ left outer join user user1_ on persistent0_.user_id=user1_.id left outer join user_authorities authoritie2_ on user1_.id=authoritie2_.user_id where persistent0_.user_id=?
2019-10-28 10:48:15.285 DEBUG 2580 --- [    Test worker] org.hibernate.SQL                        : select authoritie0_.user_id as user_id1_5_0_, authoritie0_.authority as authorit2_5_0_ from user_authorities authoritie0_ where authoritie0_.user_id=?
Hibernate: select authoritie0_.user_id as user_id1_5_0_, authoritie0_.authority as authorit2_5_0_ from user_authorities authoritie0_ where authoritie0_.user_id=?
2019-10-28 10:48:15.290 DEBUG 2580 --- [    Test worker] org.hibernate.SQL                        : select user0_.id as id1_4_, user0_.moddate as moddate2_4_, user0_.regdate as regdate3_4_, user0_.email as email4_4_, user0_.name as name5_4_, user0_.password as password6_4_, user0_.username as username7_4_ from user user0_ where user0_.username=?
Hibernate: select user0_.id as id1_4_, user0_.moddate as moddate2_4_, user0_.regdate as regdate3_4_, user0_.email as email4_4_, user0_.name as name5_4_, user0_.password as password6_4_, user0_.username as username7_4_ from user user0_ where user0_.username=?
2019-10-28 10:48:15.291 DEBUG 2580 --- [    Test worker] org.hibernate.SQL                        : select persistent0_.series as series1_3_1_, persistent0_.last_used as last_use2_3_1_, persistent0_.token as token3_3_1_, persistent0_.user_id as user_id4_3_1_, user1_.id as id1_4_0_, user1_.moddate as moddate2_4_0_, user1_.regdate as regdate3_4_0_, user1_.email as email4_4_0_, user1_.name as name5_4_0_, user1_.password as password6_4_0_, user1_.username as username7_4_0_, authoritie2_.user_id as user_id1_5_3_, authoritie2_.authority as authorit2_5_3_ from persistent_logins persistent0_ left outer join user user1_ on persistent0_.user_id=user1_.id left outer join user_authorities authoritie2_ on user1_.id=authoritie2_.user_id where persistent0_.user_id=?
Hibernate: select persistent0_.series as series1_3_1_, persistent0_.last_used as last_use2_3_1_, persistent0_.token as token3_3_1_, persistent0_.user_id as user_id4_3_1_, user1_.id as id1_4_0_, user1_.moddate as moddate2_4_0_, user1_.regdate as regdate3_4_0_, user1_.email as email4_4_0_, user1_.name as name5_4_0_, user1_.password as password6_4_0_, user1_.username as username7_4_0_, authoritie2_.user_id as user_id1_5_3_, authoritie2_.authority as authorit2_5_3_ from persistent_logins persistent0_ left outer join user user1_ on persistent0_.user_id=user1_.id left outer join user_authorities authoritie2_ on user1_.id=authoritie2_.user_id where persistent0_.user_id=?
2019-10-28 10:48:15.291 DEBUG 2580 --- [    Test worker] org.hibernate.SQL                        : select authoritie0_.user_id as user_id1_5_0_, authoritie0_.authority as authorit2_5_0_ from user_authorities authoritie0_ where authoritie0_.user_id=?
Hibernate: select authoritie0_.user_id as user_id1_5_0_, authoritie0_.authority as authorit2_5_0_ from user_authorities authoritie0_ where authoritie0_.user_id=?
2019-10-28 10:48:15.292 DEBUG 2580 --- [    Test worker] org.hibernate.SQL                        : select user0_.id as id1_4_, user0_.moddate as moddate2_4_, user0_.regdate as regdate3_4_, user0_.email as email4_4_, user0_.name as name5_4_, user0_.password as password6_4_, user0_.username as username7_4_ from user user0_
Hibernate: select user0_.id as id1_4_, user0_.moddate as moddate2_4_, user0_.regdate as regdate3_4_, user0_.email as email4_4_, user0_.name as name5_4_, user0_.password as password6_4_, user0_.username as username7_4_ from user user0_
2019-10-28 10:48:15.292 DEBUG 2580 --- [    Test worker] org.hibernate.SQL                        : select persistent0_.series as series1_3_1_, persistent0_.last_used as last_use2_3_1_, persistent0_.token as token3_3_1_, persistent0_.user_id as user_id4_3_1_, user1_.id as id1_4_0_, user1_.moddate as moddate2_4_0_, user1_.regdate as regdate3_4_0_, user1_.email as email4_4_0_, user1_.name as name5_4_0_, user1_.password as password6_4_0_, user1_.username as username7_4_0_, authoritie2_.user_id as user_id1_5_3_, authoritie2_.authority as authorit2_5_3_ from persistent_logins persistent0_ left outer join user user1_ on persistent0_.user_id=user1_.id left outer join user_authorities authoritie2_ on user1_.id=authoritie2_.user_id where persistent0_.user_id=?
Hibernate: select persistent0_.series as series1_3_1_, persistent0_.last_used as last_use2_3_1_, persistent0_.token as token3_3_1_, persistent0_.user_id as user_id4_3_1_, user1_.id as id1_4_0_, user1_.moddate as moddate2_4_0_, user1_.regdate as regdate3_4_0_, user1_.email as email4_4_0_, user1_.name as name5_4_0_, user1_.password as password6_4_0_, user1_.username as username7_4_0_, authoritie2_.user_id as user_id1_5_3_, authoritie2_.authority as authorit2_5_3_ from persistent_logins persistent0_ left outer join user user1_ on persistent0_.user_id=user1_.id left outer join user_authorities authoritie2_ on user1_.id=authoritie2_.user_id where persistent0_.user_id=?
2019-10-28 10:48:15.292 DEBUG 2580 --- [    Test worker] org.hibernate.SQL                        : select authoritie0_.user_id as user_id1_5_0_, authoritie0_.authority as authorit2_5_0_ from user_authorities authoritie0_ where authoritie0_.user_id=?
Hibernate: select authoritie0_.user_id as user_id1_5_0_, authoritie0_.authority as authorit2_5_0_ from user_authorities authoritie0_ where authoritie0_.user_id=?
2019-10-28 10:48:15.365 DEBUG 2580 --- [    Test worker] org.hibernate.SQL                        : insert into user (id, moddate, regdate, email, name, password, username) values (null, ?, ?, ?, ?, ?, ?)
Hibernate: insert into user (id, moddate, regdate, email, name, password, username) values (null, ?, ?, ?, ?, ?, ?)
2019-10-28 10:48:15.365 DEBUG 2580 --- [    Test worker] org.hibernate.SQL                        : insert into user_authorities (user_id, authority) values (?, ?)
Hibernate: insert into user_authorities (user_id, authority) values (?, ?)
2019-10-28 10:48:15.366 DEBUG 2580 --- [    Test worker] org.hibernate.SQL                        : select user0_.id as id1_4_, user0_.moddate as moddate2_4_, user0_.regdate as regdate3_4_, user0_.email as email4_4_, user0_.name as name5_4_, user0_.password as password6_4_, user0_.username as username7_4_ from user user0_ where user0_.username=?
Hibernate: select user0_.id as id1_4_, user0_.moddate as moddate2_4_, user0_.regdate as regdate3_4_, user0_.email as email4_4_, user0_.name as name5_4_, user0_.password as password6_4_, user0_.username as username7_4_ from user user0_ where user0_.username=?
2019-10-28 10:48:15.367 DEBUG 2580 --- [    Test worker] org.hibernate.SQL                        : select persistent0_.series as series1_3_1_, persistent0_.last_used as last_use2_3_1_, persistent0_.token as token3_3_1_, persistent0_.user_id as user_id4_3_1_, user1_.id as id1_4_0_, user1_.moddate as moddate2_4_0_, user1_.regdate as regdate3_4_0_, user1_.email as email4_4_0_, user1_.name as name5_4_0_, user1_.password as password6_4_0_, user1_.username as username7_4_0_, authoritie2_.user_id as user_id1_5_3_, authoritie2_.authority as authorit2_5_3_ from persistent_logins persistent0_ left outer join user user1_ on persistent0_.user_id=user1_.id left outer join user_authorities authoritie2_ on user1_.id=authoritie2_.user_id where persistent0_.user_id=?
Hibernate: select persistent0_.series as series1_3_1_, persistent0_.last_used as last_use2_3_1_, persistent0_.token as token3_3_1_, persistent0_.user_id as user_id4_3_1_, user1_.id as id1_4_0_, user1_.moddate as moddate2_4_0_, user1_.regdate as regdate3_4_0_, user1_.email as email4_4_0_, user1_.name as name5_4_0_, user1_.password as password6_4_0_, user1_.username as username7_4_0_, authoritie2_.user_id as user_id1_5_3_, authoritie2_.authority as authorit2_5_3_ from persistent_logins persistent0_ left outer join user user1_ on persistent0_.user_id=user1_.id left outer join user_authorities authoritie2_ on user1_.id=authoritie2_.user_id where persistent0_.user_id=?
2019-10-28 10:48:15.367 DEBUG 2580 --- [    Test worker] org.hibernate.SQL                        : select authoritie0_.user_id as user_id1_5_0_, authoritie0_.authority as authorit2_5_0_ from user_authorities authoritie0_ where authoritie0_.user_id=?
Hibernate: select authoritie0_.user_id as user_id1_5_0_, authoritie0_.authority as authorit2_5_0_ from user_authorities authoritie0_ where authoritie0_.user_id=?
2019-10-28 10:48:15.368 DEBUG 2580 --- [    Test worker] org.hibernate.SQL                        : select user0_.id as id1_4_0_, user0_.moddate as moddate2_4_0_, user0_.regdate as regdate3_4_0_, user0_.email as email4_4_0_, user0_.name as name5_4_0_, user0_.password as password6_4_0_, user0_.username as username7_4_0_, authoritie1_.user_id as user_id1_5_1_, authoritie1_.authority as authorit2_5_1_, persistent2_.series as series1_3_2_, persistent2_.last_used as last_use2_3_2_, persistent2_.token as token3_3_2_, persistent2_.user_id as user_id4_3_2_ from user user0_ left outer join user_authorities authoritie1_ on user0_.id=authoritie1_.user_id left outer join persistent_logins persistent2_ on user0_.id=persistent2_.user_id where user0_.id=?
Hibernate: select user0_.id as id1_4_0_, user0_.moddate as moddate2_4_0_, user0_.regdate as regdate3_4_0_, user0_.email as email4_4_0_, user0_.name as name5_4_0_, user0_.password as password6_4_0_, user0_.username as username7_4_0_, authoritie1_.user_id as user_id1_5_1_, authoritie1_.authority as authorit2_5_1_, persistent2_.series as series1_3_2_, persistent2_.last_used as last_use2_3_2_, persistent2_.token as token3_3_2_, persistent2_.user_id as user_id4_3_2_ from user user0_ left outer join user_authorities authoritie1_ on user0_.id=authoritie1_.user_id left outer join persistent_logins persistent2_ on user0_.id=persistent2_.user_id where user0_.id=?
2019-10-28 10:48:15.370 DEBUG 2580 --- [    Test worker] org.hibernate.SQL                        : select user0_.id as id1_4_, user0_.moddate as moddate2_4_, user0_.regdate as regdate3_4_, user0_.email as email4_4_, user0_.name as name5_4_, user0_.password as password6_4_, user0_.username as username7_4_ from user user0_ where user0_.email=?
Hibernate: select user0_.id as id1_4_, user0_.moddate as moddate2_4_, user0_.regdate as regdate3_4_, user0_.email as email4_4_, user0_.name as name5_4_, user0_.password as password6_4_, user0_.username as username7_4_ from user user0_ where user0_.email=?
2019-10-28 10:48:15.370 DEBUG 2580 --- [    Test worker] org.hibernate.SQL                        : select persistent0_.series as series1_3_1_, persistent0_.last_used as last_use2_3_1_, persistent0_.token as token3_3_1_, persistent0_.user_id as user_id4_3_1_, user1_.id as id1_4_0_, user1_.moddate as moddate2_4_0_, user1_.regdate as regdate3_4_0_, user1_.email as email4_4_0_, user1_.name as name5_4_0_, user1_.password as password6_4_0_, user1_.username as username7_4_0_, authoritie2_.user_id as user_id1_5_3_, authoritie2_.authority as authorit2_5_3_ from persistent_logins persistent0_ left outer join user user1_ on persistent0_.user_id=user1_.id left outer join user_authorities authoritie2_ on user1_.id=authoritie2_.user_id where persistent0_.user_id=?
Hibernate: select persistent0_.series as series1_3_1_, persistent0_.last_used as last_use2_3_1_, persistent0_.token as token3_3_1_, persistent0_.user_id as user_id4_3_1_, user1_.id as id1_4_0_, user1_.moddate as moddate2_4_0_, user1_.regdate as regdate3_4_0_, user1_.email as email4_4_0_, user1_.name as name5_4_0_, user1_.password as password6_4_0_, user1_.username as username7_4_0_, authoritie2_.user_id as user_id1_5_3_, authoritie2_.authority as authorit2_5_3_ from persistent_logins persistent0_ left outer join user user1_ on persistent0_.user_id=user1_.id left outer join user_authorities authoritie2_ on user1_.id=authoritie2_.user_id where persistent0_.user_id=?
2019-10-28 10:48:15.371 DEBUG 2580 --- [    Test worker] org.hibernate.SQL                        : select authoritie0_.user_id as user_id1_5_0_, authoritie0_.authority as authorit2_5_0_ from user_authorities authoritie0_ where authoritie0_.user_id=?
Hibernate: select authoritie0_.user_id as user_id1_5_0_, authoritie0_.authority as authorit2_5_0_ from user_authorities authoritie0_ where authoritie0_.user_id=?
2019-10-28 10:48:15.372 DEBUG 2580 --- [    Test worker] org.hibernate.SQL                        : select user0_.id as id1_4_, user0_.moddate as moddate2_4_, user0_.regdate as regdate3_4_, user0_.email as email4_4_, user0_.name as name5_4_, user0_.password as password6_4_, user0_.username as username7_4_ from user user0_
Hibernate: select user0_.id as id1_4_, user0_.moddate as moddate2_4_, user0_.regdate as regdate3_4_, user0_.email as email4_4_, user0_.name as name5_4_, user0_.password as password6_4_, user0_.username as username7_4_ from user user0_
2019-10-28 10:48:15.372 DEBUG 2580 --- [    Test worker] org.hibernate.SQL                        : select persistent0_.series as series1_3_1_, persistent0_.last_used as last_use2_3_1_, persistent0_.token as token3_3_1_, persistent0_.user_id as user_id4_3_1_, user1_.id as id1_4_0_, user1_.moddate as moddate2_4_0_, user1_.regdate as regdate3_4_0_, user1_.email as email4_4_0_, user1_.name as name5_4_0_, user1_.password as password6_4_0_, user1_.username as username7_4_0_, authoritie2_.user_id as user_id1_5_3_, authoritie2_.authority as authorit2_5_3_ from persistent_logins persistent0_ left outer join user user1_ on persistent0_.user_id=user1_.id left outer join user_authorities authoritie2_ on user1_.id=authoritie2_.user_id where persistent0_.user_id=?
Hibernate: select persistent0_.series as series1_3_1_, persistent0_.last_used as last_use2_3_1_, persistent0_.token as token3_3_1_, persistent0_.user_id as user_id4_3_1_, user1_.id as id1_4_0_, user1_.moddate as moddate2_4_0_, user1_.regdate as regdate3_4_0_, user1_.email as email4_4_0_, user1_.name as name5_4_0_, user1_.password as password6_4_0_, user1_.username as username7_4_0_, authoritie2_.user_id as user_id1_5_3_, authoritie2_.authority as authorit2_5_3_ from persistent_logins persistent0_ left outer join user user1_ on persistent0_.user_id=user1_.id left outer join user_authorities authoritie2_ on user1_.id=authoritie2_.user_id where persistent0_.user_id=?
2019-10-28 10:48:15.372 DEBUG 2580 --- [    Test worker] org.hibernate.SQL                        : select persistent0_.series as series1_3_1_, persistent0_.last_used as last_use2_3_1_, persistent0_.token as token3_3_1_, persistent0_.user_id as user_id4_3_1_, user1_.id as id1_4_0_, user1_.moddate as moddate2_4_0_, user1_.regdate as regdate3_4_0_, user1_.email as email4_4_0_, user1_.name as name5_4_0_, user1_.password as password6_4_0_, user1_.username as username7_4_0_, authoritie2_.user_id as user_id1_5_3_, authoritie2_.authority as authorit2_5_3_ from persistent_logins persistent0_ left outer join user user1_ on persistent0_.user_id=user1_.id left outer join user_authorities authoritie2_ on user1_.id=authoritie2_.user_id where persistent0_.user_id=?
Hibernate: select persistent0_.series as series1_3_1_, persistent0_.last_used as last_use2_3_1_, persistent0_.token as token3_3_1_, persistent0_.user_id as user_id4_3_1_, user1_.id as id1_4_0_, user1_.moddate as moddate2_4_0_, user1_.regdate as regdate3_4_0_, user1_.email as email4_4_0_, user1_.name as name5_4_0_, user1_.password as password6_4_0_, user1_.username as username7_4_0_, authoritie2_.user_id as user_id1_5_3_, authoritie2_.authority as authorit2_5_3_ from persistent_logins persistent0_ left outer join user user1_ on persistent0_.user_id=user1_.id left outer join user_authorities authoritie2_ on user1_.id=authoritie2_.user_id where persistent0_.user_id=?
2019-10-28 10:48:15.373 DEBUG 2580 --- [    Test worker] org.hibernate.SQL                        : select authoritie0_.user_id as user_id1_5_0_, authoritie0_.authority as authorit2_5_0_ from user_authorities authoritie0_ where authoritie0_.user_id=?
Hibernate: select authoritie0_.user_id as user_id1_5_0_, authoritie0_.authority as authorit2_5_0_ from user_authorities authoritie0_ where authoritie0_.user_id=?
2019-10-28 10:48:15.373 DEBUG 2580 --- [    Test worker] org.hibernate.SQL                        : select authoritie0_.user_id as user_id1_5_0_, authoritie0_.authority as authorit2_5_0_ from user_authorities authoritie0_ where authoritie0_.user_id=?
Hibernate: select authoritie0_.user_id as user_id1_5_0_, authoritie0_.authority as authorit2_5_0_ from user_authorities authoritie0_ where authoritie0_.user_id=?
2019-10-28 10:48:15.374 DEBUG 2580 --- [    Test worker] org.hibernate.SQL                        : select user0_.id as id1_4_0_, user0_.moddate as moddate2_4_0_, user0_.regdate as regdate3_4_0_, user0_.email as email4_4_0_, user0_.name as name5_4_0_, user0_.password as password6_4_0_, user0_.username as username7_4_0_, authoritie1_.user_id as user_id1_5_1_, authoritie1_.authority as authorit2_5_1_, persistent2_.series as series1_3_2_, persistent2_.last_used as last_use2_3_2_, persistent2_.token as token3_3_2_, persistent2_.user_id as user_id4_3_2_ from user user0_ left outer join user_authorities authoritie1_ on user0_.id=authoritie1_.user_id left outer join persistent_logins persistent2_ on user0_.id=persistent2_.user_id where user0_.id=?
Hibernate: select user0_.id as id1_4_0_, user0_.moddate as moddate2_4_0_, user0_.regdate as regdate3_4_0_, user0_.email as email4_4_0_, user0_.name as name5_4_0_, user0_.password as password6_4_0_, user0_.username as username7_4_0_, authoritie1_.user_id as user_id1_5_1_, authoritie1_.authority as authorit2_5_1_, persistent2_.series as series1_3_2_, persistent2_.last_used as last_use2_3_2_, persistent2_.token as token3_3_2_, persistent2_.user_id as user_id4_3_2_ from user user0_ left outer join user_authorities authoritie1_ on user0_.id=authoritie1_.user_id left outer join persistent_logins persistent2_ on user0_.id=persistent2_.user_id where user0_.id=?
2019-10-28 10:48:15.375 DEBUG 2580 --- [    Test worker] org.hibernate.SQL                        : delete from user_authorities where user_id=?
Hibernate: delete from user_authorities where user_id=?
2019-10-28 10:48:15.376 DEBUG 2580 --- [    Test worker] org.hibernate.SQL                        : delete from user where id=?
Hibernate: delete from user where id=?
2019-10-28 10:48:15.381 DEBUG 2580 --- [    Test worker] org.hibernate.SQL                        : select user0_.id as id1_4_, user0_.moddate as moddate2_4_, user0_.regdate as regdate3_4_, user0_.email as email4_4_, user0_.name as name5_4_, user0_.password as password6_4_, user0_.username as username7_4_ from user user0_ where user0_.username=?
Hibernate: select user0_.id as id1_4_, user0_.moddate as moddate2_4_, user0_.regdate as regdate3_4_, user0_.email as email4_4_, user0_.name as name5_4_, user0_.password as password6_4_, user0_.username as username7_4_ from user user0_ where user0_.username=?
2019-10-28 10:48:15.382 DEBUG 2580 --- [    Test worker] org.hibernate.SQL                        : select user0_.id as id1_4_, user0_.moddate as moddate2_4_, user0_.regdate as regdate3_4_, user0_.email as email4_4_, user0_.name as name5_4_, user0_.password as password6_4_, user0_.username as username7_4_ from user user0_ where user0_.email=?
Hibernate: select user0_.id as id1_4_, user0_.moddate as moddate2_4_, user0_.regdate as regdate3_4_, user0_.email as email4_4_, user0_.name as name5_4_, user0_.password as password6_4_, user0_.username as username7_4_ from user user0_ where user0_.email=?
2019-10-28 10:48:15.450 DEBUG 2580 --- [    Test worker] org.hibernate.SQL                        : insert into user (id, moddate, regdate, email, name, password, username) values (null, ?, ?, ?, ?, ?, ?)
Hibernate: insert into user (id, moddate, regdate, email, name, password, username) values (null, ?, ?, ?, ?, ?, ?)
2019-10-28 10:48:15.451 DEBUG 2580 --- [    Test worker] org.hibernate.SQL                        : insert into user_authorities (user_id, authority) values (?, ?)
Hibernate: insert into user_authorities (user_id, authority) values (?, ?)
2019-10-28 10:48:15.452 DEBUG 2580 --- [    Test worker] org.hibernate.SQL                        : select user0_.id as id1_4_0_, user0_.moddate as moddate2_4_0_, user0_.regdate as regdate3_4_0_, user0_.email as email4_4_0_, user0_.name as name5_4_0_, user0_.password as password6_4_0_, user0_.username as username7_4_0_, authoritie1_.user_id as user_id1_5_1_, authoritie1_.authority as authorit2_5_1_, persistent2_.series as series1_3_2_, persistent2_.last_used as last_use2_3_2_, persistent2_.token as token3_3_2_, persistent2_.user_id as user_id4_3_2_ from user user0_ left outer join user_authorities authoritie1_ on user0_.id=authoritie1_.user_id left outer join persistent_logins persistent2_ on user0_.id=persistent2_.user_id where user0_.id=?
Hibernate: select user0_.id as id1_4_0_, user0_.moddate as moddate2_4_0_, user0_.regdate as regdate3_4_0_, user0_.email as email4_4_0_, user0_.name as name5_4_0_, user0_.password as password6_4_0_, user0_.username as username7_4_0_, authoritie1_.user_id as user_id1_5_1_, authoritie1_.authority as authorit2_5_1_, persistent2_.series as series1_3_2_, persistent2_.last_used as last_use2_3_2_, persistent2_.token as token3_3_2_, persistent2_.user_id as user_id4_3_2_ from user user0_ left outer join user_authorities authoritie1_ on user0_.id=authoritie1_.user_id left outer join persistent_logins persistent2_ on user0_.id=persistent2_.user_id where user0_.id=?
2019-10-28 10:48:15.453 DEBUG 2580 --- [    Test worker] org.hibernate.SQL                        : select user0_.id as id1_4_, user0_.moddate as moddate2_4_, user0_.regdate as regdate3_4_, user0_.email as email4_4_, user0_.name as name5_4_, user0_.password as password6_4_, user0_.username as username7_4_ from user user0_
Hibernate: select user0_.id as id1_4_, user0_.moddate as moddate2_4_, user0_.regdate as regdate3_4_, user0_.email as email4_4_, user0_.name as name5_4_, user0_.password as password6_4_, user0_.username as username7_4_ from user user0_
2019-10-28 10:48:15.454 DEBUG 2580 --- [    Test worker] org.hibernate.SQL                        : select persistent0_.series as series1_3_1_, persistent0_.last_used as last_use2_3_1_, persistent0_.token as token3_3_1_, persistent0_.user_id as user_id4_3_1_, user1_.id as id1_4_0_, user1_.moddate as moddate2_4_0_, user1_.regdate as regdate3_4_0_, user1_.email as email4_4_0_, user1_.name as name5_4_0_, user1_.password as password6_4_0_, user1_.username as username7_4_0_, authoritie2_.user_id as user_id1_5_3_, authoritie2_.authority as authorit2_5_3_ from persistent_logins persistent0_ left outer join user user1_ on persistent0_.user_id=user1_.id left outer join user_authorities authoritie2_ on user1_.id=authoritie2_.user_id where persistent0_.user_id=?
Hibernate: select persistent0_.series as series1_3_1_, persistent0_.last_used as last_use2_3_1_, persistent0_.token as token3_3_1_, persistent0_.user_id as user_id4_3_1_, user1_.id as id1_4_0_, user1_.moddate as moddate2_4_0_, user1_.regdate as regdate3_4_0_, user1_.email as email4_4_0_, user1_.name as name5_4_0_, user1_.password as password6_4_0_, user1_.username as username7_4_0_, authoritie2_.user_id as user_id1_5_3_, authoritie2_.authority as authorit2_5_3_ from persistent_logins persistent0_ left outer join user user1_ on persistent0_.user_id=user1_.id left outer join user_authorities authoritie2_ on user1_.id=authoritie2_.user_id where persistent0_.user_id=?
2019-10-28 10:48:15.454 DEBUG 2580 --- [    Test worker] org.hibernate.SQL                        : select persistent0_.series as series1_3_1_, persistent0_.last_used as last_use2_3_1_, persistent0_.token as token3_3_1_, persistent0_.user_id as user_id4_3_1_, user1_.id as id1_4_0_, user1_.moddate as moddate2_4_0_, user1_.regdate as regdate3_4_0_, user1_.email as email4_4_0_, user1_.name as name5_4_0_, user1_.password as password6_4_0_, user1_.username as username7_4_0_, authoritie2_.user_id as user_id1_5_3_, authoritie2_.authority as authorit2_5_3_ from persistent_logins persistent0_ left outer join user user1_ on persistent0_.user_id=user1_.id left outer join user_authorities authoritie2_ on user1_.id=authoritie2_.user_id where persistent0_.user_id=?
Hibernate: select persistent0_.series as series1_3_1_, persistent0_.last_used as last_use2_3_1_, persistent0_.token as token3_3_1_, persistent0_.user_id as user_id4_3_1_, user1_.id as id1_4_0_, user1_.moddate as moddate2_4_0_, user1_.regdate as regdate3_4_0_, user1_.email as email4_4_0_, user1_.name as name5_4_0_, user1_.password as password6_4_0_, user1_.username as username7_4_0_, authoritie2_.user_id as user_id1_5_3_, authoritie2_.authority as authorit2_5_3_ from persistent_logins persistent0_ left outer join user user1_ on persistent0_.user_id=user1_.id left outer join user_authorities authoritie2_ on user1_.id=authoritie2_.user_id where persistent0_.user_id=?
2019-10-28 10:48:15.455 DEBUG 2580 --- [    Test worker] org.hibernate.SQL                        : select authoritie0_.user_id as user_id1_5_0_, authoritie0_.authority as authorit2_5_0_ from user_authorities authoritie0_ where authoritie0_.user_id=?
Hibernate: select authoritie0_.user_id as user_id1_5_0_, authoritie0_.authority as authorit2_5_0_ from user_authorities authoritie0_ where authoritie0_.user_id=?
2019-10-28 10:48:15.455 DEBUG 2580 --- [    Test worker] org.hibernate.SQL                        : select authoritie0_.user_id as user_id1_5_0_, authoritie0_.authority as authorit2_5_0_ from user_authorities authoritie0_ where authoritie0_.user_id=?
Hibernate: select authoritie0_.user_id as user_id1_5_0_, authoritie0_.authority as authorit2_5_0_ from user_authorities authoritie0_ where authoritie0_.user_id=?
2019-10-28 10:48:15.456 DEBUG 2580 --- [    Test worker] org.hibernate.SQL                        : select user0_.id as id1_4_0_, user0_.moddate as moddate2_4_0_, user0_.regdate as regdate3_4_0_, user0_.email as email4_4_0_, user0_.name as name5_4_0_, user0_.password as password6_4_0_, user0_.username as username7_4_0_, authoritie1_.user_id as user_id1_5_1_, authoritie1_.authority as authorit2_5_1_, persistent2_.series as series1_3_2_, persistent2_.last_used as last_use2_3_2_, persistent2_.token as token3_3_2_, persistent2_.user_id as user_id4_3_2_ from user user0_ left outer join user_authorities authoritie1_ on user0_.id=authoritie1_.user_id left outer join persistent_logins persistent2_ on user0_.id=persistent2_.user_id where user0_.id=?
Hibernate: select user0_.id as id1_4_0_, user0_.moddate as moddate2_4_0_, user0_.regdate as regdate3_4_0_, user0_.email as email4_4_0_, user0_.name as name5_4_0_, user0_.password as password6_4_0_, user0_.username as username7_4_0_, authoritie1_.user_id as user_id1_5_1_, authoritie1_.authority as authorit2_5_1_, persistent2_.series as series1_3_2_, persistent2_.last_used as last_use2_3_2_, persistent2_.token as token3_3_2_, persistent2_.user_id as user_id4_3_2_ from user user0_ left outer join user_authorities authoritie1_ on user0_.id=authoritie1_.user_id left outer join persistent_logins persistent2_ on user0_.id=persistent2_.user_id where user0_.id=?
2019-10-28 10:48:15.457 DEBUG 2580 --- [    Test worker] org.hibernate.SQL                        : delete from user_authorities where user_id=?
Hibernate: delete from user_authorities where user_id=?
2019-10-28 10:48:15.457 DEBUG 2580 --- [    Test worker] org.hibernate.SQL                        : delete from user where id=?
Hibernate: delete from user where id=?
2019-10-28 10:48:15.461 DEBUG 2580 --- [    Test worker] org.hibernate.SQL                        : select user0_.id as id1_4_, user0_.moddate as moddate2_4_, user0_.regdate as regdate3_4_, user0_.email as email4_4_, user0_.name as name5_4_, user0_.password as password6_4_, user0_.username as username7_4_ from user user0_ where user0_.username=?
Hibernate: select user0_.id as id1_4_, user0_.moddate as moddate2_4_, user0_.regdate as regdate3_4_, user0_.email as email4_4_, user0_.name as name5_4_, user0_.password as password6_4_, user0_.username as username7_4_ from user user0_ where user0_.username=?
2019-10-28 10:48:15.462 DEBUG 2580 --- [    Test worker] org.hibernate.SQL                        : select persistent0_.series as series1_3_1_, persistent0_.last_used as last_use2_3_1_, persistent0_.token as token3_3_1_, persistent0_.user_id as user_id4_3_1_, user1_.id as id1_4_0_, user1_.moddate as moddate2_4_0_, user1_.regdate as regdate3_4_0_, user1_.email as email4_4_0_, user1_.name as name5_4_0_, user1_.password as password6_4_0_, user1_.username as username7_4_0_, authoritie2_.user_id as user_id1_5_3_, authoritie2_.authority as authorit2_5_3_ from persistent_logins persistent0_ left outer join user user1_ on persistent0_.user_id=user1_.id left outer join user_authorities authoritie2_ on user1_.id=authoritie2_.user_id where persistent0_.user_id=?
Hibernate: select persistent0_.series as series1_3_1_, persistent0_.last_used as last_use2_3_1_, persistent0_.token as token3_3_1_, persistent0_.user_id as user_id4_3_1_, user1_.id as id1_4_0_, user1_.moddate as moddate2_4_0_, user1_.regdate as regdate3_4_0_, user1_.email as email4_4_0_, user1_.name as name5_4_0_, user1_.password as password6_4_0_, user1_.username as username7_4_0_, authoritie2_.user_id as user_id1_5_3_, authoritie2_.authority as authorit2_5_3_ from persistent_logins persistent0_ left outer join user user1_ on persistent0_.user_id=user1_.id left outer join user_authorities authoritie2_ on user1_.id=authoritie2_.user_id where persistent0_.user_id=?
2019-10-28 10:48:15.463 DEBUG 2580 --- [    Test worker] org.hibernate.SQL                        : select authoritie0_.user_id as user_id1_5_0_, authoritie0_.authority as authorit2_5_0_ from user_authorities authoritie0_ where authoritie0_.user_id=?
Hibernate: select authoritie0_.user_id as user_id1_5_0_, authoritie0_.authority as authorit2_5_0_ from user_authorities authoritie0_ where authoritie0_.user_id=?
2019-10-28 10:48:15.463 DEBUG 2580 --- [    Test worker] org.hibernate.SQL                        : select user0_.id as id1_4_0_, user0_.moddate as moddate2_4_0_, user0_.regdate as regdate3_4_0_, user0_.email as email4_4_0_, user0_.name as name5_4_0_, user0_.password as password6_4_0_, user0_.username as username7_4_0_, authoritie1_.user_id as user_id1_5_1_, authoritie1_.authority as authorit2_5_1_, persistent2_.series as series1_3_2_, persistent2_.last_used as last_use2_3_2_, persistent2_.token as token3_3_2_, persistent2_.user_id as user_id4_3_2_ from user user0_ left outer join user_authorities authoritie1_ on user0_.id=authoritie1_.user_id left outer join persistent_logins persistent2_ on user0_.id=persistent2_.user_id where user0_.id=?
Hibernate: select user0_.id as id1_4_0_, user0_.moddate as moddate2_4_0_, user0_.regdate as regdate3_4_0_, user0_.email as email4_4_0_, user0_.name as name5_4_0_, user0_.password as password6_4_0_, user0_.username as username7_4_0_, authoritie1_.user_id as user_id1_5_1_, authoritie1_.authority as authorit2_5_1_, persistent2_.series as series1_3_2_, persistent2_.last_used as last_use2_3_2_, persistent2_.token as token3_3_2_, persistent2_.user_id as user_id4_3_2_ from user user0_ left outer join user_authorities authoritie1_ on user0_.id=authoritie1_.user_id left outer join persistent_logins persistent2_ on user0_.id=persistent2_.user_id where user0_.id=?
2019-10-28 10:48:15.464 DEBUG 2580 --- [    Test worker] org.hibernate.SQL                        : select user0_.id as id1_4_, user0_.moddate as moddate2_4_, user0_.regdate as regdate3_4_, user0_.email as email4_4_, user0_.name as name5_4_, user0_.password as password6_4_, user0_.username as username7_4_ from user user0_ where user0_.email=?
Hibernate: select user0_.id as id1_4_, user0_.moddate as moddate2_4_, user0_.regdate as regdate3_4_, user0_.email as email4_4_, user0_.name as name5_4_, user0_.password as password6_4_, user0_.username as username7_4_ from user user0_ where user0_.email=?
2019-10-28 10:48:15.533 DEBUG 2580 --- [    Test worker] org.hibernate.SQL                        : update user set moddate=?, regdate=?, email=?, name=?, password=?, username=? where id=?
Hibernate: update user set moddate=?, regdate=?, email=?, name=?, password=?, username=? where id=?
2019-10-28 10:48:15.534 DEBUG 2580 --- [    Test worker] org.hibernate.SQL                        : select user0_.id as id1_4_0_, user0_.moddate as moddate2_4_0_, user0_.regdate as regdate3_4_0_, user0_.email as email4_4_0_, user0_.name as name5_4_0_, user0_.password as password6_4_0_, user0_.username as username7_4_0_, authoritie1_.user_id as user_id1_5_1_, authoritie1_.authority as authorit2_5_1_, persistent2_.series as series1_3_2_, persistent2_.last_used as last_use2_3_2_, persistent2_.token as token3_3_2_, persistent2_.user_id as user_id4_3_2_ from user user0_ left outer join user_authorities authoritie1_ on user0_.id=authoritie1_.user_id left outer join persistent_logins persistent2_ on user0_.id=persistent2_.user_id where user0_.id=?
Hibernate: select user0_.id as id1_4_0_, user0_.moddate as moddate2_4_0_, user0_.regdate as regdate3_4_0_, user0_.email as email4_4_0_, user0_.name as name5_4_0_, user0_.password as password6_4_0_, user0_.username as username7_4_0_, authoritie1_.user_id as user_id1_5_1_, authoritie1_.authority as authorit2_5_1_, persistent2_.series as series1_3_2_, persistent2_.last_used as last_use2_3_2_, persistent2_.token as token3_3_2_, persistent2_.user_id as user_id4_3_2_ from user user0_ left outer join user_authorities authoritie1_ on user0_.id=authoritie1_.user_id left outer join persistent_logins persistent2_ on user0_.id=persistent2_.user_id where user0_.id=?
2019-10-28 10:48:15.535 DEBUG 2580 --- [    Test worker] org.hibernate.SQL                        : select user0_.id as id1_4_, user0_.moddate as moddate2_4_, user0_.regdate as regdate3_4_, user0_.email as email4_4_, user0_.name as name5_4_, user0_.password as password6_4_, user0_.username as username7_4_ from user user0_
Hibernate: select user0_.id as id1_4_, user0_.moddate as moddate2_4_, user0_.regdate as regdate3_4_, user0_.email as email4_4_, user0_.name as name5_4_, user0_.password as password6_4_, user0_.username as username7_4_ from user user0_
2019-10-28 10:48:15.535 DEBUG 2580 --- [    Test worker] org.hibernate.SQL                        : select persistent0_.series as series1_3_1_, persistent0_.last_used as last_use2_3_1_, persistent0_.token as token3_3_1_, persistent0_.user_id as user_id4_3_1_, user1_.id as id1_4_0_, user1_.moddate as moddate2_4_0_, user1_.regdate as regdate3_4_0_, user1_.email as email4_4_0_, user1_.name as name5_4_0_, user1_.password as password6_4_0_, user1_.username as username7_4_0_, authoritie2_.user_id as user_id1_5_3_, authoritie2_.authority as authorit2_5_3_ from persistent_logins persistent0_ left outer join user user1_ on persistent0_.user_id=user1_.id left outer join user_authorities authoritie2_ on user1_.id=authoritie2_.user_id where persistent0_.user_id=?
Hibernate: select persistent0_.series as series1_3_1_, persistent0_.last_used as last_use2_3_1_, persistent0_.token as token3_3_1_, persistent0_.user_id as user_id4_3_1_, user1_.id as id1_4_0_, user1_.moddate as moddate2_4_0_, user1_.regdate as regdate3_4_0_, user1_.email as email4_4_0_, user1_.name as name5_4_0_, user1_.password as password6_4_0_, user1_.username as username7_4_0_, authoritie2_.user_id as user_id1_5_3_, authoritie2_.authority as authorit2_5_3_ from persistent_logins persistent0_ left outer join user user1_ on persistent0_.user_id=user1_.id left outer join user_authorities authoritie2_ on user1_.id=authoritie2_.user_id where persistent0_.user_id=?
2019-10-28 10:48:15.535 DEBUG 2580 --- [    Test worker] org.hibernate.SQL                        : select authoritie0_.user_id as user_id1_5_0_, authoritie0_.authority as authorit2_5_0_ from user_authorities authoritie0_ where authoritie0_.user_id=?
Hibernate: select authoritie0_.user_id as user_id1_5_0_, authoritie0_.authority as authorit2_5_0_ from user_authorities authoritie0_ where authoritie0_.user_id=?
2019-10-28 10:48:15.539 DEBUG 2580 --- [    Test worker] org.hibernate.SQL                        : select user0_.id as id1_4_, user0_.moddate as moddate2_4_, user0_.regdate as regdate3_4_, user0_.email as email4_4_, user0_.name as name5_4_, user0_.password as password6_4_, user0_.username as username7_4_ from user user0_ where user0_.username=?
Hibernate: select user0_.id as id1_4_, user0_.moddate as moddate2_4_, user0_.regdate as regdate3_4_, user0_.email as email4_4_, user0_.name as name5_4_, user0_.password as password6_4_, user0_.username as username7_4_ from user user0_ where user0_.username=?
2019-10-28 10:48:15.539 DEBUG 2580 --- [    Test worker] org.hibernate.SQL                        : select persistent0_.series as series1_3_1_, persistent0_.last_used as last_use2_3_1_, persistent0_.token as token3_3_1_, persistent0_.user_id as user_id4_3_1_, user1_.id as id1_4_0_, user1_.moddate as moddate2_4_0_, user1_.regdate as regdate3_4_0_, user1_.email as email4_4_0_, user1_.name as name5_4_0_, user1_.password as password6_4_0_, user1_.username as username7_4_0_, authoritie2_.user_id as user_id1_5_3_, authoritie2_.authority as authorit2_5_3_ from persistent_logins persistent0_ left outer join user user1_ on persistent0_.user_id=user1_.id left outer join user_authorities authoritie2_ on user1_.id=authoritie2_.user_id where persistent0_.user_id=?
Hibernate: select persistent0_.series as series1_3_1_, persistent0_.last_used as last_use2_3_1_, persistent0_.token as token3_3_1_, persistent0_.user_id as user_id4_3_1_, user1_.id as id1_4_0_, user1_.moddate as moddate2_4_0_, user1_.regdate as regdate3_4_0_, user1_.email as email4_4_0_, user1_.name as name5_4_0_, user1_.password as password6_4_0_, user1_.username as username7_4_0_, authoritie2_.user_id as user_id1_5_3_, authoritie2_.authority as authorit2_5_3_ from persistent_logins persistent0_ left outer join user user1_ on persistent0_.user_id=user1_.id left outer join user_authorities authoritie2_ on user1_.id=authoritie2_.user_id where persistent0_.user_id=?
2019-10-28 10:48:15.539 DEBUG 2580 --- [    Test worker] org.hibernate.SQL                        : select authoritie0_.user_id as user_id1_5_0_, authoritie0_.authority as authorit2_5_0_ from user_authorities authoritie0_ where authoritie0_.user_id=?
Hibernate: select authoritie0_.user_id as user_id1_5_0_, authoritie0_.authority as authorit2_5_0_ from user_authorities authoritie0_ where authoritie0_.user_id=?
2019-10-28 10:48:15.540 DEBUG 2580 --- [    Test worker] org.hibernate.SQL                        : select user0_.id as id1_4_, user0_.moddate as moddate2_4_, user0_.regdate as regdate3_4_, user0_.email as email4_4_, user0_.name as name5_4_, user0_.password as password6_4_, user0_.username as username7_4_ from user user0_
Hibernate: select user0_.id as id1_4_, user0_.moddate as moddate2_4_, user0_.regdate as regdate3_4_, user0_.email as email4_4_, user0_.name as name5_4_, user0_.password as password6_4_, user0_.username as username7_4_ from user user0_
2019-10-28 10:48:15.540 DEBUG 2580 --- [    Test worker] org.hibernate.SQL                        : select persistent0_.series as series1_3_1_, persistent0_.last_used as last_use2_3_1_, persistent0_.token as token3_3_1_, persistent0_.user_id as user_id4_3_1_, user1_.id as id1_4_0_, user1_.moddate as moddate2_4_0_, user1_.regdate as regdate3_4_0_, user1_.email as email4_4_0_, user1_.name as name5_4_0_, user1_.password as password6_4_0_, user1_.username as username7_4_0_, authoritie2_.user_id as user_id1_5_3_, authoritie2_.authority as authorit2_5_3_ from persistent_logins persistent0_ left outer join user user1_ on persistent0_.user_id=user1_.id left outer join user_authorities authoritie2_ on user1_.id=authoritie2_.user_id where persistent0_.user_id=?
Hibernate: select persistent0_.series as series1_3_1_, persistent0_.last_used as last_use2_3_1_, persistent0_.token as token3_3_1_, persistent0_.user_id as user_id4_3_1_, user1_.id as id1_4_0_, user1_.moddate as moddate2_4_0_, user1_.regdate as regdate3_4_0_, user1_.email as email4_4_0_, user1_.name as name5_4_0_, user1_.password as password6_4_0_, user1_.username as username7_4_0_, authoritie2_.user_id as user_id1_5_3_, authoritie2_.authority as authorit2_5_3_ from persistent_logins persistent0_ left outer join user user1_ on persistent0_.user_id=user1_.id left outer join user_authorities authoritie2_ on user1_.id=authoritie2_.user_id where persistent0_.user_id=?
2019-10-28 10:48:15.541 DEBUG 2580 --- [    Test worker] org.hibernate.SQL                        : select authoritie0_.user_id as user_id1_5_0_, authoritie0_.authority as authorit2_5_0_ from user_authorities authoritie0_ where authoritie0_.user_id=?
Hibernate: select authoritie0_.user_id as user_id1_5_0_, authoritie0_.authority as authorit2_5_0_ from user_authorities authoritie0_ where authoritie0_.user_id=?
]]></system-out>
  <system-err><![CDATA[]]></system-err>
</testsuite>
